2022-10-21 14:34:58.216 > INFO   springAppName_IS_UNDEFINED c.e.a.AutoimpactanalysisApplication Starting AutoimpactanalysisApplication using Java 1.8.0_231 on DESKTOP-SVPMA7U with PID 13784 (D:\work\workspace\work_workspace\autoimpactanalysis\target\classes started by Mechrevo in D:\work\workspace\work_workspace\autoimpactanalysis)
2022-10-21 14:34:58.232 > INFO   springAppName_IS_UNDEFINED c.e.a.AutoimpactanalysisApplication No active profile set, falling back to 1 default profile: "default"
2022-10-21 14:35:00.995 > INFO   springAppName_IS_UNDEFINED o.s.c.s.PostProcessorRegistrationDelegate$BeanPostProcessorChecker Bean 'spring.datasource.dynamic-com.baomidou.dynamic.datasource.spring.boot.autoconfigure.DynamicDataSourceProperties' of type [com.baomidou.dynamic.datasource.spring.boot.autoconfigure.DynamicDataSourceProperties] is not eligible for getting processed by all BeanPostProcessors (for example: not eligible for auto-proxying)
2022-10-21 14:35:00.995 > INFO   springAppName_IS_UNDEFINED o.s.c.s.PostProcessorRegistrationDelegate$BeanPostProcessorChecker Bean 'com.baomidou.dynamic.datasource.spring.boot.autoconfigure.DynamicDataSourceAutoConfiguration' of type [com.baomidou.dynamic.datasource.spring.boot.autoconfigure.DynamicDataSourceAutoConfiguration$$EnhancerBySpringCGLIB$$6ec0755d] is not eligible for getting processed by all BeanPostProcessors (for example: not eligible for auto-proxying)
2022-10-21 14:35:01.041 > INFO   springAppName_IS_UNDEFINED o.s.c.s.PostProcessorRegistrationDelegate$BeanPostProcessorChecker Bean 'dsProcessor' of type [com.baomidou.dynamic.datasource.processor.DsHeaderProcessor] is not eligible for getting processed by all BeanPostProcessors (for example: not eligible for auto-proxying)
2022-10-21 14:35:01.396 > INFO   springAppName_IS_UNDEFINED o.s.b.w.e.tomcat.TomcatWebServer Tomcat initialized with port(s): 9080 (http)
2022-10-21 14:35:01.411 > INFO   springAppName_IS_UNDEFINED o.a.coyote.http11.Http11NioProtocol Initializing ProtocolHandler ["http-nio-9080"]
2022-10-21 14:35:01.411 > INFO   springAppName_IS_UNDEFINED o.a.catalina.core.StandardService Starting service [Tomcat]
2022-10-21 14:35:01.411 > INFO   springAppName_IS_UNDEFINED o.a.catalina.core.StandardEngine Starting Servlet engine: [Apache Tomcat/9.0.58]
2022-10-21 14:35:01.574 > INFO   springAppName_IS_UNDEFINED o.a.c.c.C.[.[.[/autoimpactanalysis] Initializing Spring embedded WebApplicationContext
2022-10-21 14:35:01.574 > INFO   springAppName_IS_UNDEFINED o.s.b.w.s.c.ServletWebServerApplicationContext Root WebApplicationContext: initialization completed in 3194 ms
2022-10-21 14:35:01.929 > INFO   springAppName_IS_UNDEFINED com.zaxxer.hikari.HikariDataSource mysql - Starting...
2022-10-21 14:35:02.114 > INFO   springAppName_IS_UNDEFINED com.zaxxer.hikari.HikariDataSource mysql - Start completed.
2022-10-21 14:35:02.114 > INFO   springAppName_IS_UNDEFINED c.b.d.d.DynamicRoutingDataSource dynamic-datasource - add a datasource named [mysql] success
2022-10-21 14:35:02.114 > INFO   springAppName_IS_UNDEFINED c.b.d.d.DynamicRoutingDataSource dynamic-datasource initial loaded [1] datasource,primary datasource named [mysql]
2022-10-21 14:35:02.430 > WARN   springAppName_IS_UNDEFINED c.b.m.c.injector.DefaultSqlInjector class com.example.autoimpactanalysis.entity.Source ,Not found @TableId annotation, Cannot use Mybatis-Plus 'xxById' Method.
2022-10-21 14:35:05.925 > INFO   springAppName_IS_UNDEFINED o.a.coyote.http11.Http11NioProtocol Starting ProtocolHandler ["http-nio-9080"]
2022-10-21 14:35:05.940 > INFO   springAppName_IS_UNDEFINED o.s.b.w.e.tomcat.TomcatWebServer Tomcat started on port(s): 9080 (http) with context path '/autoimpactanalysis'
2022-10-21 14:35:06.257 > INFO   springAppName_IS_UNDEFINED c.e.a.AutoimpactanalysisApplication Started AutoimpactanalysisApplication in 8.723 seconds (JVM running for 11.616)
2022-10-21 14:48:31.314 > INFO   springAppName_IS_UNDEFINED o.a.c.c.C.[.[.[/autoimpactanalysis] Initializing Spring DispatcherServlet 'dispatcherServlet'
2022-10-21 14:48:31.314 > INFO   springAppName_IS_UNDEFINED o.s.web.servlet.DispatcherServlet Initializing Servlet 'dispatcherServlet'
2022-10-21 14:48:31.315 > INFO   springAppName_IS_UNDEFINED o.s.web.servlet.DispatcherServlet Completed initialization in 1 ms
2022-10-21 14:48:31.398 > INFO   springAppName_IS_UNDEFINED c.e.a.controller.UserController 进入user/login方法
2022-10-21 14:48:31.713 > INFO   springAppName_IS_UNDEFINED c.e.a.service.impl.UserServiceImpl User(id=1, userName=admin, password=123456, nickName=管理员, email=123.com, phone=12312341234, address=北京北京, avatarUrl=null, createTime=Thu Jun 23 14:11:16 CST 2022)
2022-10-21 14:48:31.713 > INFO   springAppName_IS_UNDEFINED c.e.a.service.impl.UserServiceImpl UserVO(username=admin, password=123456, nickname=管理员, avatarUrl=null, token=null)
2022-10-21 14:48:33.264 > INFO   springAppName_IS_UNDEFINED c.e.a.service.impl.UserServiceImpl token:eyJ0eXAiOiJKV1QiLCJhbGciOiJIUzI1NiJ9.eyJhdWQiOiIxIiwiZXhwIjoxNjY2MzQyMTExfQ.xWb8gKueyq-9qIRow6be6HIFRE7GNalRnltxCowanLs
2022-10-21 14:48:33.368 > INFO   springAppName_IS_UNDEFINED c.e.a.controller.UserController 进入user/permission方法
2022-10-21 14:48:33.465 > INFO   springAppName_IS_UNDEFINED c.e.a.controller.UserController jsonObject:null
2022-10-21 14:48:33.503 > ERROR  springAppName_IS_UNDEFINED o.a.c.c.C.[.[.[.[dispatcherServlet] Servlet.service() for servlet [dispatcherServlet] in context with path [/autoimpactanalysis] threw exception [Request processing failed; nested exception is java.lang.NullPointerException] with root cause
java.lang.NullPointerException: null
	at com.example.autoimpactanalysis.controller.UserController.permission(UserController.java:179)
	at sun.reflect.NativeMethodAccessorImpl.invoke0(Native Method)
	at sun.reflect.NativeMethodAccessorImpl.invoke(NativeMethodAccessorImpl.java:62)
	at sun.reflect.DelegatingMethodAccessorImpl.invoke(DelegatingMethodAccessorImpl.java:43)
	at java.lang.reflect.Method.invoke(Method.java:498)
	at org.springframework.web.method.support.InvocableHandlerMethod.doInvoke(InvocableHandlerMethod.java:205)
	at org.springframework.web.method.support.InvocableHandlerMethod.invokeForRequest(InvocableHandlerMethod.java:150)
	at org.springframework.web.servlet.mvc.method.annotation.ServletInvocableHandlerMethod.invokeAndHandle(ServletInvocableHandlerMethod.java:117)
	at org.springframework.web.servlet.mvc.method.annotation.RequestMappingHandlerAdapter.invokeHandlerMethod(RequestMappingHandlerAdapter.java:895)
	at org.springframework.web.servlet.mvc.method.annotation.RequestMappingHandlerAdapter.handleInternal(RequestMappingHandlerAdapter.java:808)
	at org.springframework.web.servlet.mvc.method.AbstractHandlerMethodAdapter.handle(AbstractHandlerMethodAdapter.java:87)
	at org.springframework.web.servlet.DispatcherServlet.doDispatch(DispatcherServlet.java:1067)
	at org.springframework.web.servlet.DispatcherServlet.doService(DispatcherServlet.java:963)
	at org.springframework.web.servlet.FrameworkServlet.processRequest(FrameworkServlet.java:1006)
	at org.springframework.web.servlet.FrameworkServlet.doGet(FrameworkServlet.java:898)
	at javax.servlet.http.HttpServlet.service(HttpServlet.java:655)
	at org.springframework.web.servlet.FrameworkServlet.service(FrameworkServlet.java:883)
	at javax.servlet.http.HttpServlet.service(HttpServlet.java:764)
	at org.apache.catalina.core.ApplicationFilterChain.internalDoFilter(ApplicationFilterChain.java:227)
	at org.apache.catalina.core.ApplicationFilterChain.doFilter(ApplicationFilterChain.java:162)
	at org.apache.tomcat.websocket.server.WsFilter.doFilter(WsFilter.java:53)
	at org.apache.catalina.core.ApplicationFilterChain.internalDoFilter(ApplicationFilterChain.java:189)
	at org.apache.catalina.core.ApplicationFilterChain.doFilter(ApplicationFilterChain.java:162)
	at org.springframework.web.filter.CorsFilter.doFilterInternal(CorsFilter.java:91)
	at org.springframework.web.filter.OncePerRequestFilter.doFilter(OncePerRequestFilter.java:117)
	at org.apache.catalina.core.ApplicationFilterChain.internalDoFilter(ApplicationFilterChain.java:189)
	at org.apache.catalina.core.ApplicationFilterChain.doFilter(ApplicationFilterChain.java:162)
	at org.springframework.web.filter.RequestContextFilter.doFilterInternal(RequestContextFilter.java:100)
	at org.springframework.web.filter.OncePerRequestFilter.doFilter(OncePerRequestFilter.java:117)
	at org.apache.catalina.core.ApplicationFilterChain.internalDoFilter(ApplicationFilterChain.java:189)
	at org.apache.catalina.core.ApplicationFilterChain.doFilter(ApplicationFilterChain.java:162)
	at org.springframework.web.filter.FormContentFilter.doFilterInternal(FormContentFilter.java:93)
	at org.springframework.web.filter.OncePerRequestFilter.doFilter(OncePerRequestFilter.java:117)
	at org.apache.catalina.core.ApplicationFilterChain.internalDoFilter(ApplicationFilterChain.java:189)
	at org.apache.catalina.core.ApplicationFilterChain.doFilter(ApplicationFilterChain.java:162)
	at org.springframework.web.filter.CharacterEncodingFilter.doFilterInternal(CharacterEncodingFilter.java:201)
	at org.springframework.web.filter.OncePerRequestFilter.doFilter(OncePerRequestFilter.java:117)
	at org.apache.catalina.core.ApplicationFilterChain.internalDoFilter(ApplicationFilterChain.java:189)
	at org.apache.catalina.core.ApplicationFilterChain.doFilter(ApplicationFilterChain.java:162)
	at org.apache.catalina.core.StandardWrapperValve.invoke(StandardWrapperValve.java:197)
	at org.apache.catalina.core.StandardContextValve.invoke(StandardContextValve.java:97)
	at org.apache.catalina.authenticator.AuthenticatorBase.invoke(AuthenticatorBase.java:540)
	at org.apache.catalina.core.StandardHostValve.invoke(StandardHostValve.java:135)
	at org.apache.catalina.valves.ErrorReportValve.invoke(ErrorReportValve.java:92)
	at org.apache.catalina.core.StandardEngineValve.invoke(StandardEngineValve.java:78)
	at org.apache.catalina.connector.CoyoteAdapter.service(CoyoteAdapter.java:359)
	at org.apache.coyote.http11.Http11Processor.service(Http11Processor.java:399)
	at org.apache.coyote.AbstractProcessorLight.process(AbstractProcessorLight.java:65)
	at org.apache.coyote.AbstractProtocol$ConnectionHandler.process(AbstractProtocol.java:889)
	at org.apache.tomcat.util.net.NioEndpoint$SocketProcessor.doRun(NioEndpoint.java:1735)
	at org.apache.tomcat.util.net.SocketProcessorBase.run(SocketProcessorBase.java:49)
	at org.apache.tomcat.util.threads.ThreadPoolExecutor.runWorker(ThreadPoolExecutor.java:1191)
	at org.apache.tomcat.util.threads.ThreadPoolExecutor$Worker.run(ThreadPoolExecutor.java:659)
	at org.apache.tomcat.util.threads.TaskThread$WrappingRunnable.run(TaskThread.java:61)
	at java.lang.Thread.run(Thread.java:748)
2022-10-21 14:48:56.860 > INFO   springAppName_IS_UNDEFINED c.e.a.controller.UserController 进入user/login方法
2022-10-21 14:48:56.867 > INFO   springAppName_IS_UNDEFINED c.e.a.service.impl.UserServiceImpl User(id=1, userName=admin, password=123456, nickName=管理员, email=123.com, phone=12312341234, address=北京北京, avatarUrl=null, createTime=Thu Jun 23 14:11:16 CST 2022)
2022-10-21 14:48:56.868 > INFO   springAppName_IS_UNDEFINED c.e.a.service.impl.UserServiceImpl UserVO(username=admin, password=123456, nickname=管理员, avatarUrl=null, token=null)
2022-10-21 14:48:56.869 > INFO   springAppName_IS_UNDEFINED c.e.a.service.impl.UserServiceImpl token:eyJ0eXAiOiJKV1QiLCJhbGciOiJIUzI1NiJ9.eyJhdWQiOiIxIiwiZXhwIjoxNjY2MzQyMTM2fQ.2z2PPijveHq8lIKb-ww4UeEpmlsSIDQLKjQ9zt8O5eo
2022-10-21 14:48:56.879 > INFO   springAppName_IS_UNDEFINED c.e.a.controller.UserController 进入user/permission方法
2022-10-21 14:48:56.880 > INFO   springAppName_IS_UNDEFINED c.e.a.controller.UserController jsonObject:null
2022-10-21 14:48:56.880 > ERROR  springAppName_IS_UNDEFINED o.a.c.c.C.[.[.[.[dispatcherServlet] Servlet.service() for servlet [dispatcherServlet] in context with path [/autoimpactanalysis] threw exception [Request processing failed; nested exception is java.lang.NullPointerException] with root cause
java.lang.NullPointerException: null
	at com.example.autoimpactanalysis.controller.UserController.permission(UserController.java:179)
	at sun.reflect.NativeMethodAccessorImpl.invoke0(Native Method)
	at sun.reflect.NativeMethodAccessorImpl.invoke(NativeMethodAccessorImpl.java:62)
	at sun.reflect.DelegatingMethodAccessorImpl.invoke(DelegatingMethodAccessorImpl.java:43)
	at java.lang.reflect.Method.invoke(Method.java:498)
	at org.springframework.web.method.support.InvocableHandlerMethod.doInvoke(InvocableHandlerMethod.java:205)
	at org.springframework.web.method.support.InvocableHandlerMethod.invokeForRequest(InvocableHandlerMethod.java:150)
	at org.springframework.web.servlet.mvc.method.annotation.ServletInvocableHandlerMethod.invokeAndHandle(ServletInvocableHandlerMethod.java:117)
	at org.springframework.web.servlet.mvc.method.annotation.RequestMappingHandlerAdapter.invokeHandlerMethod(RequestMappingHandlerAdapter.java:895)
	at org.springframework.web.servlet.mvc.method.annotation.RequestMappingHandlerAdapter.handleInternal(RequestMappingHandlerAdapter.java:808)
	at org.springframework.web.servlet.mvc.method.AbstractHandlerMethodAdapter.handle(AbstractHandlerMethodAdapter.java:87)
	at org.springframework.web.servlet.DispatcherServlet.doDispatch(DispatcherServlet.java:1067)
	at org.springframework.web.servlet.DispatcherServlet.doService(DispatcherServlet.java:963)
	at org.springframework.web.servlet.FrameworkServlet.processRequest(FrameworkServlet.java:1006)
	at org.springframework.web.servlet.FrameworkServlet.doGet(FrameworkServlet.java:898)
	at javax.servlet.http.HttpServlet.service(HttpServlet.java:655)
	at org.springframework.web.servlet.FrameworkServlet.service(FrameworkServlet.java:883)
	at javax.servlet.http.HttpServlet.service(HttpServlet.java:764)
	at org.apache.catalina.core.ApplicationFilterChain.internalDoFilter(ApplicationFilterChain.java:227)
	at org.apache.catalina.core.ApplicationFilterChain.doFilter(ApplicationFilterChain.java:162)
	at org.apache.tomcat.websocket.server.WsFilter.doFilter(WsFilter.java:53)
	at org.apache.catalina.core.ApplicationFilterChain.internalDoFilter(ApplicationFilterChain.java:189)
	at org.apache.catalina.core.ApplicationFilterChain.doFilter(ApplicationFilterChain.java:162)
	at org.springframework.web.filter.CorsFilter.doFilterInternal(CorsFilter.java:91)
	at org.springframework.web.filter.OncePerRequestFilter.doFilter(OncePerRequestFilter.java:117)
	at org.apache.catalina.core.ApplicationFilterChain.internalDoFilter(ApplicationFilterChain.java:189)
	at org.apache.catalina.core.ApplicationFilterChain.doFilter(ApplicationFilterChain.java:162)
	at org.springframework.web.filter.RequestContextFilter.doFilterInternal(RequestContextFilter.java:100)
	at org.springframework.web.filter.OncePerRequestFilter.doFilter(OncePerRequestFilter.java:117)
	at org.apache.catalina.core.ApplicationFilterChain.internalDoFilter(ApplicationFilterChain.java:189)
	at org.apache.catalina.core.ApplicationFilterChain.doFilter(ApplicationFilterChain.java:162)
	at org.springframework.web.filter.FormContentFilter.doFilterInternal(FormContentFilter.java:93)
	at org.springframework.web.filter.OncePerRequestFilter.doFilter(OncePerRequestFilter.java:117)
	at org.apache.catalina.core.ApplicationFilterChain.internalDoFilter(ApplicationFilterChain.java:189)
	at org.apache.catalina.core.ApplicationFilterChain.doFilter(ApplicationFilterChain.java:162)
	at org.springframework.web.filter.CharacterEncodingFilter.doFilterInternal(CharacterEncodingFilter.java:201)
	at org.springframework.web.filter.OncePerRequestFilter.doFilter(OncePerRequestFilter.java:117)
	at org.apache.catalina.core.ApplicationFilterChain.internalDoFilter(ApplicationFilterChain.java:189)
	at org.apache.catalina.core.ApplicationFilterChain.doFilter(ApplicationFilterChain.java:162)
	at org.apache.catalina.core.StandardWrapperValve.invoke(StandardWrapperValve.java:197)
	at org.apache.catalina.core.StandardContextValve.invoke(StandardContextValve.java:97)
	at org.apache.catalina.authenticator.AuthenticatorBase.invoke(AuthenticatorBase.java:540)
	at org.apache.catalina.core.StandardHostValve.invoke(StandardHostValve.java:135)
	at org.apache.catalina.valves.ErrorReportValve.invoke(ErrorReportValve.java:92)
	at org.apache.catalina.core.StandardEngineValve.invoke(StandardEngineValve.java:78)
	at org.apache.catalina.connector.CoyoteAdapter.service(CoyoteAdapter.java:359)
	at org.apache.coyote.http11.Http11Processor.service(Http11Processor.java:399)
	at org.apache.coyote.AbstractProcessorLight.process(AbstractProcessorLight.java:65)
	at org.apache.coyote.AbstractProtocol$ConnectionHandler.process(AbstractProtocol.java:889)
	at org.apache.tomcat.util.net.NioEndpoint$SocketProcessor.doRun(NioEndpoint.java:1735)
	at org.apache.tomcat.util.net.SocketProcessorBase.run(SocketProcessorBase.java:49)
	at org.apache.tomcat.util.threads.ThreadPoolExecutor.runWorker(ThreadPoolExecutor.java:1191)
	at org.apache.tomcat.util.threads.ThreadPoolExecutor$Worker.run(ThreadPoolExecutor.java:659)
	at org.apache.tomcat.util.threads.TaskThread$WrappingRunnable.run(TaskThread.java:61)
	at java.lang.Thread.run(Thread.java:748)
2022-10-21 14:50:42.919 > INFO   springAppName_IS_UNDEFINED c.e.a.AutoimpactanalysisApplication Starting AutoimpactanalysisApplication using Java 1.8.0_231 on DESKTOP-SVPMA7U with PID 13100 (D:\work\workspace\work_workspace\autoimpactanalysis\target\classes started by Mechrevo in D:\work\workspace\work_workspace\autoimpactanalysis)
2022-10-21 14:50:42.934 > INFO   springAppName_IS_UNDEFINED c.e.a.AutoimpactanalysisApplication No active profile set, falling back to 1 default profile: "default"
2022-10-21 14:50:43.899 > INFO   springAppName_IS_UNDEFINED o.s.c.s.PostProcessorRegistrationDelegate$BeanPostProcessorChecker Bean 'spring.datasource.dynamic-com.baomidou.dynamic.datasource.spring.boot.autoconfigure.DynamicDataSourceProperties' of type [com.baomidou.dynamic.datasource.spring.boot.autoconfigure.DynamicDataSourceProperties] is not eligible for getting processed by all BeanPostProcessors (for example: not eligible for auto-proxying)
2022-10-21 14:50:43.899 > INFO   springAppName_IS_UNDEFINED o.s.c.s.PostProcessorRegistrationDelegate$BeanPostProcessorChecker Bean 'com.baomidou.dynamic.datasource.spring.boot.autoconfigure.DynamicDataSourceAutoConfiguration' of type [com.baomidou.dynamic.datasource.spring.boot.autoconfigure.DynamicDataSourceAutoConfiguration$$EnhancerBySpringCGLIB$$6ec0755d] is not eligible for getting processed by all BeanPostProcessors (for example: not eligible for auto-proxying)
2022-10-21 14:50:43.906 > INFO   springAppName_IS_UNDEFINED o.s.c.s.PostProcessorRegistrationDelegate$BeanPostProcessorChecker Bean 'dsProcessor' of type [com.baomidou.dynamic.datasource.processor.DsHeaderProcessor] is not eligible for getting processed by all BeanPostProcessors (for example: not eligible for auto-proxying)
2022-10-21 14:50:44.053 > INFO   springAppName_IS_UNDEFINED o.s.b.w.e.tomcat.TomcatWebServer Tomcat initialized with port(s): 9080 (http)
2022-10-21 14:50:44.068 > INFO   springAppName_IS_UNDEFINED o.a.coyote.http11.Http11NioProtocol Initializing ProtocolHandler ["http-nio-9080"]
2022-10-21 14:50:44.068 > INFO   springAppName_IS_UNDEFINED o.a.catalina.core.StandardService Starting service [Tomcat]
2022-10-21 14:50:44.068 > INFO   springAppName_IS_UNDEFINED o.a.catalina.core.StandardEngine Starting Servlet engine: [Apache Tomcat/9.0.58]
2022-10-21 14:50:44.207 > INFO   springAppName_IS_UNDEFINED o.a.c.c.C.[.[.[/autoimpactanalysis] Initializing Spring embedded WebApplicationContext
2022-10-21 14:50:44.207 > INFO   springAppName_IS_UNDEFINED o.s.b.w.s.c.ServletWebServerApplicationContext Root WebApplicationContext: initialization completed in 1242 ms
2022-10-21 14:50:44.354 > INFO   springAppName_IS_UNDEFINED com.zaxxer.hikari.HikariDataSource mysql - Starting...
2022-10-21 14:50:44.438 > INFO   springAppName_IS_UNDEFINED com.zaxxer.hikari.HikariDataSource mysql - Start completed.
2022-10-21 14:50:44.438 > INFO   springAppName_IS_UNDEFINED c.b.d.d.DynamicRoutingDataSource dynamic-datasource - add a datasource named [mysql] success
2022-10-21 14:50:44.438 > INFO   springAppName_IS_UNDEFINED c.b.d.d.DynamicRoutingDataSource dynamic-datasource initial loaded [1] datasource,primary datasource named [mysql]
2022-10-21 14:50:44.686 > WARN   springAppName_IS_UNDEFINED c.b.m.c.injector.DefaultSqlInjector class com.example.autoimpactanalysis.entity.Source ,Not found @TableId annotation, Cannot use Mybatis-Plus 'xxById' Method.
2022-10-21 14:50:48.248 > INFO   springAppName_IS_UNDEFINED o.a.coyote.http11.Http11NioProtocol Starting ProtocolHandler ["http-nio-9080"]
2022-10-21 14:50:48.264 > INFO   springAppName_IS_UNDEFINED o.s.b.w.e.tomcat.TomcatWebServer Tomcat started on port(s): 9080 (http) with context path '/autoimpactanalysis'
2022-10-21 14:50:48.533 > INFO   springAppName_IS_UNDEFINED c.e.a.AutoimpactanalysisApplication Started AutoimpactanalysisApplication in 5.932 seconds (JVM running for 8.253)
2022-10-21 14:51:03.267 > INFO   springAppName_IS_UNDEFINED o.a.c.c.C.[.[.[/autoimpactanalysis] Initializing Spring DispatcherServlet 'dispatcherServlet'
2022-10-21 14:51:03.267 > INFO   springAppName_IS_UNDEFINED o.s.web.servlet.DispatcherServlet Initializing Servlet 'dispatcherServlet'
2022-10-21 14:51:03.270 > INFO   springAppName_IS_UNDEFINED o.s.web.servlet.DispatcherServlet Completed initialization in 3 ms
2022-10-21 14:51:03.321 > INFO   springAppName_IS_UNDEFINED c.e.a.controller.UserController 进入user/login方法
2022-10-21 14:51:03.419 > INFO   springAppName_IS_UNDEFINED c.e.a.service.impl.UserServiceImpl User(id=1, userName=admin, password=123456, nickName=管理员, email=123.com, phone=12312341234, address=北京北京, avatarUrl=null, createTime=Thu Jun 23 14:11:16 CST 2022)
2022-10-21 14:51:03.419 > INFO   springAppName_IS_UNDEFINED c.e.a.service.impl.UserServiceImpl UserVO(username=admin, password=123456, nickname=管理员, avatarUrl=null, token=null)
2022-10-21 14:51:04.733 > INFO   springAppName_IS_UNDEFINED c.e.a.service.impl.UserServiceImpl token:eyJ0eXAiOiJKV1QiLCJhbGciOiJIUzI1NiJ9.eyJhdWQiOiIxIiwiZXhwIjoxNjY2MzQyMjYzfQ.mUPRL7jrofxghxL1UF-K_Uzech-YEmTGJOoe6STaLeA
2022-10-21 14:51:04.777 > INFO   springAppName_IS_UNDEFINED c.e.a.controller.UserController 进入user/permission方法
2022-10-21 14:51:04.828 > INFO   springAppName_IS_UNDEFINED c.e.a.controller.UserController jsonObject:{"data":[{"path":"/dataretrievalsystem","children":[{"path":"scriptquery","name":"脚本查询"},{"path":"reportstatistics","name":"报表统计"},{"path":"tinymce","name":"测试富文本"}],"name":"提数系统"},{"path":"/autoimpactanalysis","children":[{"path":"fileupload","name":"数据导入及程序解析"},{"path":"reportexport","name":"报表展示及导出"}],"name":"影响性分析自动化"},{"path":"/qualitymanager","children":[{"path":"dictionarydeploy","children":[{"path":"dictionarydeploy","name":"字典配置"},{"path":"filesscan","children":[{"path":"singleprojectscan","name":"单项目扫描"},{"path":"multipleprojectscan","name":"多项目扫描"}],"name":"文档扫描"}],"name":"字典配置"},{"path":"filesscan","children":[{"path":"singleprojectscan","name":"单项目扫描"},{"path":"multipleprojectscan","name":"多项目扫描"}],"name":"文档扫描"}],"name":"质量管理"}]}
2022-10-21 14:55:40.513 > INFO   springAppName_IS_UNDEFINED c.e.a.c.BroomDataScriptController 进入broomDataScript/findPage方法
2022-10-21 14:55:43.974 > INFO   springAppName_IS_UNDEFINED c.e.a.c.BroomDataScriptController 进入broomDataScript/findPage方法
2022-10-21 14:59:28.553 > INFO   springAppName_IS_UNDEFINED c.e.a.controller.UserController 进入user/permission方法
2022-10-21 14:59:28.555 > INFO   springAppName_IS_UNDEFINED c.e.a.controller.UserController jsonObject:{"data":[{"path":"/dataretrievalsystem","children":[{"path":"scriptquery","name":"脚本查询"},{"path":"reportstatistics","name":"报表统计"},{"path":"tinymce","name":"测试富文本"}],"name":"提数系统"},{"path":"/autoimpactanalysis","children":[{"path":"fileupload","name":"数据导入及程序解析"},{"path":"reportexport","name":"报表展示及导出"}],"name":"影响性分析自动化"},{"path":"/qualitymanager","children":[{"path":"dictionarydeploy","children":[{"path":"dictionarydeploy","name":"字典配置"},{"path":"filesscan","children":[{"path":"singleprojectscan","name":"单项目扫描"},{"path":"multipleprojectscan","name":"多项目扫描"}],"name":"文档扫描"}],"name":"字典配置"},{"path":"filesscan","children":[{"path":"singleprojectscan","name":"单项目扫描"},{"path":"multipleprojectscan","name":"多项目扫描"}],"name":"文档扫描"}],"name":"质量管理"}]}
2022-10-21 15:01:44.028 > INFO   springAppName_IS_UNDEFINED c.e.a.c.BroomDataScriptController 进入broomDataScript/findPage方法
2022-10-21 15:01:47.301 > INFO   springAppName_IS_UNDEFINED c.e.a.c.ReportStatisticsController 进入reportStatistics/findReports方法
2022-10-21 15:06:03.770 > INFO   springAppName_IS_UNDEFINED c.e.a.controller.UserController 进入user/permission方法
2022-10-21 15:06:03.772 > INFO   springAppName_IS_UNDEFINED c.e.a.controller.UserController jsonObject:{"data":[{"path":"/dataretrievalsystem","children":[{"path":"scriptquery","name":"脚本查询"},{"path":"reportstatistics","name":"报表统计"},{"path":"tinymce","name":"测试富文本"}],"name":"提数系统"},{"path":"/autoimpactanalysis","children":[{"path":"fileupload","name":"数据导入及程序解析"},{"path":"reportexport","name":"报表展示及导出"}],"name":"影响性分析自动化"},{"path":"/qualitymanager","children":[{"path":"dictionarydeploy","children":[{"path":"dictionarydeploy","name":"字典配置"},{"path":"filesscan","children":[{"path":"singleprojectscan","name":"单项目扫描"},{"path":"multipleprojectscan","name":"多项目扫描"}],"name":"文档扫描"}],"name":"字典配置"},{"path":"filesscan","children":[{"path":"singleprojectscan","name":"单项目扫描"},{"path":"multipleprojectscan","name":"多项目扫描"}],"name":"文档扫描"}],"name":"质量管理"}]}
2022-10-21 15:23:55.411 > INFO   springAppName_IS_UNDEFINED c.e.a.controller.UserController 进入user/permission方法
2022-10-21 15:23:55.412 > INFO   springAppName_IS_UNDEFINED c.e.a.controller.UserController jsonObject:{"data":[{"path":"/dataretrievalsystem","children":[{"path":"scriptquery","name":"脚本查询"},{"path":"reportstatistics","name":"报表统计"},{"path":"tinymce","name":"测试富文本"}],"name":"提数系统"},{"path":"/autoimpactanalysis","children":[{"path":"fileupload","name":"数据导入及程序解析"},{"path":"reportexport","name":"报表展示及导出"}],"name":"影响性分析自动化"},{"path":"/qualitymanager","children":[{"path":"dictionarydeploy","children":[{"path":"dictionarydeploy","name":"字典配置"},{"path":"filesscan","children":[{"path":"singleprojectscan","name":"单项目扫描"},{"path":"multipleprojectscan","name":"多项目扫描"}],"name":"文档扫描"}],"name":"字典配置"},{"path":"filesscan","children":[{"path":"singleprojectscan","name":"单项目扫描"},{"path":"multipleprojectscan","name":"多项目扫描"}],"name":"文档扫描"}],"name":"质量管理"}]}
2022-10-21 15:25:33.698 > INFO   springAppName_IS_UNDEFINED c.e.a.controller.UserController 进入user/permission方法
2022-10-21 15:25:33.700 > INFO   springAppName_IS_UNDEFINED c.e.a.controller.UserController jsonObject:{"data":[{"path":"/dataretrievalsystem","children":[{"path":"scriptquery","name":"脚本查询"},{"path":"reportstatistics","name":"报表统计"},{"path":"tinymce","name":"测试富文本"}],"name":"提数系统"},{"path":"/autoimpactanalysis","children":[{"path":"fileupload","name":"数据导入及程序解析"},{"path":"reportexport","name":"报表展示及导出"}],"name":"影响性分析自动化"},{"path":"/qualitymanager","children":[{"path":"dictionarydeploy","children":[{"path":"dictionarydeploy","name":"字典配置"},{"path":"filesscan","children":[{"path":"singleprojectscan","name":"单项目扫描"},{"path":"multipleprojectscan","name":"多项目扫描"}],"name":"文档扫描"}],"name":"字典配置"},{"path":"filesscan","children":[{"path":"singleprojectscan","name":"单项目扫描"},{"path":"multipleprojectscan","name":"多项目扫描"}],"name":"文档扫描"}],"name":"质量管理"}]}
2022-10-21 15:25:37.836 > INFO   springAppName_IS_UNDEFINED c.e.a.controller.UserController 进入user/permission方法
2022-10-21 15:25:37.838 > INFO   springAppName_IS_UNDEFINED c.e.a.controller.UserController jsonObject:{"data":[{"path":"/dataretrievalsystem","children":[{"path":"scriptquery","name":"脚本查询"},{"path":"reportstatistics","name":"报表统计"},{"path":"tinymce","name":"测试富文本"}],"name":"提数系统"},{"path":"/autoimpactanalysis","children":[{"path":"fileupload","name":"数据导入及程序解析"},{"path":"reportexport","name":"报表展示及导出"}],"name":"影响性分析自动化"},{"path":"/qualitymanager","children":[{"path":"dictionarydeploy","children":[{"path":"dictionarydeploy","name":"字典配置"},{"path":"filesscan","children":[{"path":"singleprojectscan","name":"单项目扫描"},{"path":"multipleprojectscan","name":"多项目扫描"}],"name":"文档扫描"}],"name":"字典配置"},{"path":"filesscan","children":[{"path":"singleprojectscan","name":"单项目扫描"},{"path":"multipleprojectscan","name":"多项目扫描"}],"name":"文档扫描"}],"name":"质量管理"}]}
2022-10-21 15:27:24.072 > INFO   springAppName_IS_UNDEFINED c.e.a.controller.UserController 进入user/permission方法
2022-10-21 15:27:24.073 > INFO   springAppName_IS_UNDEFINED c.e.a.controller.UserController jsonObject:{"data":[{"path":"/dataretrievalsystem","children":[{"path":"scriptquery","name":"脚本查询"},{"path":"reportstatistics","name":"报表统计"},{"path":"tinymce","name":"测试富文本"}],"name":"提数系统"},{"path":"/autoimpactanalysis","children":[{"path":"fileupload","name":"数据导入及程序解析"},{"path":"reportexport","name":"报表展示及导出"}],"name":"影响性分析自动化"},{"path":"/qualitymanager","children":[{"path":"dictionarydeploy","children":[{"path":"dictionarydeploy","name":"字典配置"},{"path":"filesscan","children":[{"path":"singleprojectscan","name":"单项目扫描"},{"path":"multipleprojectscan","name":"多项目扫描"}],"name":"文档扫描"}],"name":"字典配置"},{"path":"filesscan","children":[{"path":"singleprojectscan","name":"单项目扫描"},{"path":"multipleprojectscan","name":"多项目扫描"}],"name":"文档扫描"}],"name":"质量管理"}]}
2022-10-21 15:27:30.847 > INFO   springAppName_IS_UNDEFINED c.e.a.controller.UserController 进入user/permission方法
2022-10-21 15:27:30.848 > INFO   springAppName_IS_UNDEFINED c.e.a.controller.UserController jsonObject:{"data":[{"path":"/dataretrievalsystem","children":[{"path":"scriptquery","name":"脚本查询"},{"path":"reportstatistics","name":"报表统计"},{"path":"tinymce","name":"测试富文本"}],"name":"提数系统"},{"path":"/autoimpactanalysis","children":[{"path":"fileupload","name":"数据导入及程序解析"},{"path":"reportexport","name":"报表展示及导出"}],"name":"影响性分析自动化"},{"path":"/qualitymanager","children":[{"path":"dictionarydeploy","children":[{"path":"dictionarydeploy","name":"字典配置"},{"path":"filesscan","children":[{"path":"singleprojectscan","name":"单项目扫描"},{"path":"multipleprojectscan","name":"多项目扫描"}],"name":"文档扫描"}],"name":"字典配置"},{"path":"filesscan","children":[{"path":"singleprojectscan","name":"单项目扫描"},{"path":"multipleprojectscan","name":"多项目扫描"}],"name":"文档扫描"}],"name":"质量管理"}]}
2022-10-21 15:27:48.523 > INFO   springAppName_IS_UNDEFINED c.e.a.controller.UserController 进入user/permission方法
2022-10-21 15:27:48.524 > INFO   springAppName_IS_UNDEFINED c.e.a.controller.UserController jsonObject:{"data":[{"path":"/dataretrievalsystem","children":[{"path":"scriptquery","name":"脚本查询"},{"path":"reportstatistics","name":"报表统计"},{"path":"tinymce","name":"测试富文本"}],"name":"提数系统"},{"path":"/autoimpactanalysis","children":[{"path":"fileupload","name":"数据导入及程序解析"},{"path":"reportexport","name":"报表展示及导出"}],"name":"影响性分析自动化"},{"path":"/qualitymanager","children":[{"path":"dictionarydeploy","children":[{"path":"dictionarydeploy","name":"字典配置"},{"path":"filesscan","children":[{"path":"singleprojectscan","name":"单项目扫描"},{"path":"multipleprojectscan","name":"多项目扫描"}],"name":"文档扫描"}],"name":"字典配置"},{"path":"filesscan","children":[{"path":"singleprojectscan","name":"单项目扫描"},{"path":"multipleprojectscan","name":"多项目扫描"}],"name":"文档扫描"}],"name":"质量管理"}]}
2022-10-21 15:28:11.306 > INFO   springAppName_IS_UNDEFINED c.e.a.controller.UserController 进入user/permission方法
2022-10-21 15:28:11.307 > INFO   springAppName_IS_UNDEFINED c.e.a.controller.UserController jsonObject:{"data":[{"path":"/dataretrievalsystem","children":[{"path":"scriptquery","name":"脚本查询"},{"path":"reportstatistics","name":"报表统计"},{"path":"tinymce","name":"测试富文本"}],"name":"提数系统"},{"path":"/autoimpactanalysis","children":[{"path":"fileupload","name":"数据导入及程序解析"},{"path":"reportexport","name":"报表展示及导出"}],"name":"影响性分析自动化"},{"path":"/qualitymanager","children":[{"path":"dictionarydeploy","children":[{"path":"dictionarydeploy","name":"字典配置"},{"path":"filesscan","children":[{"path":"singleprojectscan","name":"单项目扫描"},{"path":"multipleprojectscan","name":"多项目扫描"}],"name":"文档扫描"}],"name":"字典配置"},{"path":"filesscan","children":[{"path":"singleprojectscan","name":"单项目扫描"},{"path":"multipleprojectscan","name":"多项目扫描"}],"name":"文档扫描"}],"name":"质量管理"}]}
2022-10-21 15:30:43.323 > INFO   springAppName_IS_UNDEFINED c.e.a.controller.UserController 进入user/permission方法
2022-10-21 15:30:43.324 > INFO   springAppName_IS_UNDEFINED c.e.a.controller.UserController jsonObject:{"data":[{"path":"/dataretrievalsystem","children":[{"path":"scriptquery","name":"脚本查询"},{"path":"reportstatistics","name":"报表统计"},{"path":"tinymce","name":"测试富文本"}],"name":"提数系统"},{"path":"/autoimpactanalysis","children":[{"path":"fileupload","name":"数据导入及程序解析"},{"path":"reportexport","name":"报表展示及导出"}],"name":"影响性分析自动化"},{"path":"/qualitymanager","children":[{"path":"dictionarydeploy","children":[{"path":"dictionarydeploy","name":"字典配置"},{"path":"filesscan","children":[{"path":"singleprojectscan","name":"单项目扫描"},{"path":"multipleprojectscan","name":"多项目扫描"}],"name":"文档扫描"}],"name":"字典配置"},{"path":"filesscan","children":[{"path":"singleprojectscan","name":"单项目扫描"},{"path":"multipleprojectscan","name":"多项目扫描"}],"name":"文档扫描"}],"name":"质量管理"}]}
2022-10-21 15:35:45.194 > INFO   springAppName_IS_UNDEFINED c.e.a.controller.UserController 进入user/permission方法
2022-10-21 15:35:45.195 > INFO   springAppName_IS_UNDEFINED c.e.a.controller.UserController jsonObject:{"data":[{"path":"/dataretrievalsystem","children":[{"path":"scriptquery","name":"脚本查询"},{"path":"reportstatistics","name":"报表统计"},{"path":"tinymce","name":"测试富文本"}],"name":"提数系统"},{"path":"/autoimpactanalysis","children":[{"path":"fileupload","name":"数据导入及程序解析"},{"path":"reportexport","name":"报表展示及导出"}],"name":"影响性分析自动化"},{"path":"/qualitymanager","children":[{"path":"dictionarydeploy","children":[{"path":"dictionarydeploy","name":"字典配置"},{"path":"filesscan","children":[{"path":"singleprojectscan","name":"单项目扫描"},{"path":"multipleprojectscan","name":"多项目扫描"}],"name":"文档扫描"}],"name":"字典配置"},{"path":"filesscan","children":[{"path":"singleprojectscan","name":"单项目扫描"},{"path":"multipleprojectscan","name":"多项目扫描"}],"name":"文档扫描"}],"name":"质量管理"}]}
2022-10-21 15:36:20.577 > INFO   springAppName_IS_UNDEFINED c.e.a.controller.UserController 进入user/permission方法
2022-10-21 15:36:20.578 > INFO   springAppName_IS_UNDEFINED c.e.a.controller.UserController jsonObject:{"data":[{"path":"/dataretrievalsystem","children":[{"path":"scriptquery","name":"脚本查询"},{"path":"reportstatistics","name":"报表统计"},{"path":"tinymce","name":"测试富文本"}],"name":"提数系统"},{"path":"/autoimpactanalysis","children":[{"path":"fileupload","name":"数据导入及程序解析"},{"path":"reportexport","name":"报表展示及导出"}],"name":"影响性分析自动化"},{"path":"/qualitymanager","children":[{"path":"dictionarydeploy","children":[{"path":"dictionarydeploy","name":"字典配置"},{"path":"filesscan","children":[{"path":"singleprojectscan","name":"单项目扫描"},{"path":"multipleprojectscan","name":"多项目扫描"}],"name":"文档扫描"}],"name":"字典配置"},{"path":"filesscan","children":[{"path":"singleprojectscan","name":"单项目扫描"},{"path":"multipleprojectscan","name":"多项目扫描"}],"name":"文档扫描"}],"name":"质量管理"}]}
2022-10-21 15:38:59.866 > INFO   springAppName_IS_UNDEFINED c.e.a.controller.UserController 进入user/permission方法
2022-10-21 15:38:59.867 > INFO   springAppName_IS_UNDEFINED c.e.a.controller.UserController jsonObject:{"data":[{"path":"/dataretrievalsystem","children":[{"path":"scriptquery","name":"脚本查询"},{"path":"reportstatistics","name":"报表统计"},{"path":"tinymce","name":"测试富文本"}],"name":"提数系统"},{"path":"/autoimpactanalysis","children":[{"path":"fileupload","name":"数据导入及程序解析"},{"path":"reportexport","name":"报表展示及导出"}],"name":"影响性分析自动化"},{"path":"/qualitymanager","children":[{"path":"dictionarydeploy","children":[{"path":"dictionarydeploy","name":"字典配置"},{"path":"filesscan","children":[{"path":"singleprojectscan","name":"单项目扫描"},{"path":"multipleprojectscan","name":"多项目扫描"}],"name":"文档扫描"}],"name":"字典配置"},{"path":"filesscan","children":[{"path":"singleprojectscan","name":"单项目扫描"},{"path":"multipleprojectscan","name":"多项目扫描"}],"name":"文档扫描"}],"name":"质量管理"}]}
2022-10-21 15:39:49.154 > INFO   springAppName_IS_UNDEFINED c.e.a.controller.UserController 进入user/permission方法
2022-10-21 15:39:49.155 > INFO   springAppName_IS_UNDEFINED c.e.a.controller.UserController jsonObject:{"data":[{"path":"/dataretrievalsystem","children":[{"path":"scriptquery","name":"脚本查询"},{"path":"reportstatistics","name":"报表统计"},{"path":"tinymce","name":"测试富文本"}],"name":"提数系统"},{"path":"/autoimpactanalysis","children":[{"path":"fileupload","name":"数据导入及程序解析"},{"path":"reportexport","name":"报表展示及导出"}],"name":"影响性分析自动化"},{"path":"/qualitymanager","children":[{"path":"dictionarydeploy","children":[{"path":"dictionarydeploy","name":"字典配置"},{"path":"filesscan","children":[{"path":"singleprojectscan","name":"单项目扫描"},{"path":"multipleprojectscan","name":"多项目扫描"}],"name":"文档扫描"}],"name":"字典配置"},{"path":"filesscan","children":[{"path":"singleprojectscan","name":"单项目扫描"},{"path":"multipleprojectscan","name":"多项目扫描"}],"name":"文档扫描"}],"name":"质量管理"}]}
2022-10-21 15:40:21.126 > INFO   springAppName_IS_UNDEFINED c.e.a.controller.UserController 进入user/permission方法
2022-10-21 15:40:21.127 > INFO   springAppName_IS_UNDEFINED c.e.a.controller.UserController jsonObject:{"data":[{"path":"/dataretrievalsystem","children":[{"path":"scriptquery","name":"脚本查询"},{"path":"reportstatistics","name":"报表统计"},{"path":"tinymce","name":"测试富文本"}],"name":"提数系统"},{"path":"/autoimpactanalysis","children":[{"path":"fileupload","name":"数据导入及程序解析"},{"path":"reportexport","name":"报表展示及导出"}],"name":"影响性分析自动化"},{"path":"/qualitymanager","children":[{"path":"dictionarydeploy","children":[{"path":"dictionarydeploy","name":"字典配置"},{"path":"filesscan","children":[{"path":"singleprojectscan","name":"单项目扫描"},{"path":"multipleprojectscan","name":"多项目扫描"}],"name":"文档扫描"}],"name":"字典配置"},{"path":"filesscan","children":[{"path":"singleprojectscan","name":"单项目扫描"},{"path":"multipleprojectscan","name":"多项目扫描"}],"name":"文档扫描"}],"name":"质量管理"}]}
2022-10-21 15:41:38.879 > INFO   springAppName_IS_UNDEFINED c.e.a.controller.UserController 进入user/permission方法
2022-10-21 15:41:38.880 > INFO   springAppName_IS_UNDEFINED c.e.a.controller.UserController jsonObject:{"data":[{"path":"/dataretrievalsystem","children":[{"path":"scriptquery","name":"脚本查询"},{"path":"reportstatistics","name":"报表统计"},{"path":"tinymce","name":"测试富文本"}],"name":"提数系统"},{"path":"/autoimpactanalysis","children":[{"path":"fileupload","name":"数据导入及程序解析"},{"path":"reportexport","name":"报表展示及导出"}],"name":"影响性分析自动化"},{"path":"/qualitymanager","children":[{"path":"dictionarydeploy","children":[{"path":"dictionarydeploy","name":"字典配置"},{"path":"filesscan","children":[{"path":"singleprojectscan","name":"单项目扫描"},{"path":"multipleprojectscan","name":"多项目扫描"}],"name":"文档扫描"}],"name":"字典配置"},{"path":"filesscan","children":[{"path":"singleprojectscan","name":"单项目扫描"},{"path":"multipleprojectscan","name":"多项目扫描"}],"name":"文档扫描"}],"name":"质量管理"}]}
2022-10-21 15:43:17.241 > INFO   springAppName_IS_UNDEFINED c.e.a.controller.UserController 进入user/permission方法
2022-10-21 15:43:17.242 > INFO   springAppName_IS_UNDEFINED c.e.a.controller.UserController jsonObject:{"data":[{"path":"/dataretrievalsystem","children":[{"path":"scriptquery","name":"脚本查询"},{"path":"reportstatistics","name":"报表统计"},{"path":"tinymce","name":"测试富文本"}],"name":"提数系统"},{"path":"/autoimpactanalysis","children":[{"path":"fileupload","name":"数据导入及程序解析"},{"path":"reportexport","name":"报表展示及导出"}],"name":"影响性分析自动化"},{"path":"/qualitymanager","children":[{"path":"dictionarydeploy","children":[{"path":"dictionarydeploy","name":"字典配置"},{"path":"filesscan","children":[{"path":"singleprojectscan","name":"单项目扫描"},{"path":"multipleprojectscan","name":"多项目扫描"}],"name":"文档扫描"}],"name":"字典配置"},{"path":"filesscan","children":[{"path":"singleprojectscan","name":"单项目扫描"},{"path":"multipleprojectscan","name":"多项目扫描"}],"name":"文档扫描"}],"name":"质量管理"}]}
2022-10-21 15:47:07.752 > INFO   springAppName_IS_UNDEFINED c.e.a.controller.UserController 进入user/permission方法
2022-10-21 15:47:07.753 > INFO   springAppName_IS_UNDEFINED c.e.a.controller.UserController jsonObject:{"data":[{"path":"/dataretrievalsystem","children":[{"path":"scriptquery","name":"脚本查询"},{"path":"reportstatistics","name":"报表统计"},{"path":"tinymce","name":"测试富文本"}],"name":"提数系统"},{"path":"/autoimpactanalysis","children":[{"path":"fileupload","name":"数据导入及程序解析"},{"path":"reportexport","name":"报表展示及导出"}],"name":"影响性分析自动化"},{"path":"/qualitymanager","children":[{"path":"dictionarydeploy","children":[{"path":"dictionarydeploy","name":"字典配置"},{"path":"filesscan","children":[{"path":"singleprojectscan","name":"单项目扫描"},{"path":"multipleprojectscan","name":"多项目扫描"}],"name":"文档扫描"}],"name":"字典配置"},{"path":"filesscan","children":[{"path":"singleprojectscan","name":"单项目扫描"},{"path":"multipleprojectscan","name":"多项目扫描"}],"name":"文档扫描"}],"name":"质量管理"}]}
2022-10-21 15:47:50.812 > INFO   springAppName_IS_UNDEFINED c.e.a.controller.UserController 进入user/permission方法
2022-10-21 15:47:50.813 > INFO   springAppName_IS_UNDEFINED c.e.a.controller.UserController jsonObject:{"data":[{"path":"/dataretrievalsystem","children":[{"path":"scriptquery","name":"脚本查询"},{"path":"reportstatistics","name":"报表统计"},{"path":"tinymce","name":"测试富文本"}],"name":"提数系统"},{"path":"/autoimpactanalysis","children":[{"path":"fileupload","name":"数据导入及程序解析"},{"path":"reportexport","name":"报表展示及导出"}],"name":"影响性分析自动化"},{"path":"/qualitymanager","children":[{"path":"dictionarydeploy","children":[{"path":"dictionarydeploy","name":"字典配置"},{"path":"filesscan","children":[{"path":"singleprojectscan","name":"单项目扫描"},{"path":"multipleprojectscan","name":"多项目扫描"}],"name":"文档扫描"}],"name":"字典配置"},{"path":"filesscan","children":[{"path":"singleprojectscan","name":"单项目扫描"},{"path":"multipleprojectscan","name":"多项目扫描"}],"name":"文档扫描"}],"name":"质量管理"}]}
2022-10-21 15:47:54.062 > INFO   springAppName_IS_UNDEFINED c.e.a.controller.UserController 进入user/permission方法
2022-10-21 15:47:54.063 > INFO   springAppName_IS_UNDEFINED c.e.a.controller.UserController jsonObject:{"data":[{"path":"/dataretrievalsystem","children":[{"path":"scriptquery","name":"脚本查询"},{"path":"reportstatistics","name":"报表统计"},{"path":"tinymce","name":"测试富文本"}],"name":"提数系统"},{"path":"/autoimpactanalysis","children":[{"path":"fileupload","name":"数据导入及程序解析"},{"path":"reportexport","name":"报表展示及导出"}],"name":"影响性分析自动化"},{"path":"/qualitymanager","children":[{"path":"dictionarydeploy","children":[{"path":"dictionarydeploy","name":"字典配置"},{"path":"filesscan","children":[{"path":"singleprojectscan","name":"单项目扫描"},{"path":"multipleprojectscan","name":"多项目扫描"}],"name":"文档扫描"}],"name":"字典配置"},{"path":"filesscan","children":[{"path":"singleprojectscan","name":"单项目扫描"},{"path":"multipleprojectscan","name":"多项目扫描"}],"name":"文档扫描"}],"name":"质量管理"}]}
2022-10-21 15:48:11.104 > INFO   springAppName_IS_UNDEFINED c.e.a.controller.UserController 进入user/permission方法
2022-10-21 15:48:11.105 > INFO   springAppName_IS_UNDEFINED c.e.a.controller.UserController jsonObject:{"data":[{"path":"/dataretrievalsystem","children":[{"path":"scriptquery","name":"脚本查询"},{"path":"reportstatistics","name":"报表统计"},{"path":"tinymce","name":"测试富文本"}],"name":"提数系统"},{"path":"/autoimpactanalysis","children":[{"path":"fileupload","name":"数据导入及程序解析"},{"path":"reportexport","name":"报表展示及导出"}],"name":"影响性分析自动化"},{"path":"/qualitymanager","children":[{"path":"dictionarydeploy","children":[{"path":"dictionarydeploy","name":"字典配置"},{"path":"filesscan","children":[{"path":"singleprojectscan","name":"单项目扫描"},{"path":"multipleprojectscan","name":"多项目扫描"}],"name":"文档扫描"}],"name":"字典配置"},{"path":"filesscan","children":[{"path":"singleprojectscan","name":"单项目扫描"},{"path":"multipleprojectscan","name":"多项目扫描"}],"name":"文档扫描"}],"name":"质量管理"}]}
2022-10-21 15:48:30.091 > INFO   springAppName_IS_UNDEFINED c.e.a.controller.UserController 进入user/permission方法
2022-10-21 15:48:30.093 > INFO   springAppName_IS_UNDEFINED c.e.a.controller.UserController jsonObject:{"data":[{"path":"/dataretrievalsystem","children":[{"path":"scriptquery","name":"脚本查询"},{"path":"reportstatistics","name":"报表统计"},{"path":"tinymce","name":"测试富文本"}],"name":"提数系统"},{"path":"/autoimpactanalysis","children":[{"path":"fileupload","name":"数据导入及程序解析"},{"path":"reportexport","name":"报表展示及导出"}],"name":"影响性分析自动化"},{"path":"/qualitymanager","children":[{"path":"dictionarydeploy","children":[{"path":"dictionarydeploy","name":"字典配置"},{"path":"filesscan","children":[{"path":"singleprojectscan","name":"单项目扫描"},{"path":"multipleprojectscan","name":"多项目扫描"}],"name":"文档扫描"}],"name":"字典配置"},{"path":"filesscan","children":[{"path":"singleprojectscan","name":"单项目扫描"},{"path":"multipleprojectscan","name":"多项目扫描"}],"name":"文档扫描"}],"name":"质量管理"}]}
2022-10-21 15:49:48.888 > INFO   springAppName_IS_UNDEFINED c.e.a.controller.UserController 进入user/permission方法
2022-10-21 15:49:48.890 > INFO   springAppName_IS_UNDEFINED c.e.a.controller.UserController jsonObject:{"data":[{"path":"/dataretrievalsystem","children":[{"path":"scriptquery","name":"脚本查询"},{"path":"reportstatistics","name":"报表统计"},{"path":"tinymce","name":"测试富文本"}],"name":"提数系统"},{"path":"/autoimpactanalysis","children":[{"path":"fileupload","name":"数据导入及程序解析"},{"path":"reportexport","name":"报表展示及导出"}],"name":"影响性分析自动化"},{"path":"/qualitymanager","children":[{"path":"dictionarydeploy","children":[{"path":"dictionarydeploy","name":"字典配置"},{"path":"filesscan","children":[{"path":"singleprojectscan","name":"单项目扫描"},{"path":"multipleprojectscan","name":"多项目扫描"}],"name":"文档扫描"}],"name":"字典配置"},{"path":"filesscan","children":[{"path":"singleprojectscan","name":"单项目扫描"},{"path":"multipleprojectscan","name":"多项目扫描"}],"name":"文档扫描"}],"name":"质量管理"}]}
2022-10-21 15:50:28.965 > INFO   springAppName_IS_UNDEFINED c.e.a.controller.UserController 进入user/permission方法
2022-10-21 15:50:28.966 > INFO   springAppName_IS_UNDEFINED c.e.a.controller.UserController jsonObject:{"data":[{"path":"/dataretrievalsystem","children":[{"path":"scriptquery","name":"脚本查询"},{"path":"reportstatistics","name":"报表统计"},{"path":"tinymce","name":"测试富文本"}],"name":"提数系统"},{"path":"/autoimpactanalysis","children":[{"path":"fileupload","name":"数据导入及程序解析"},{"path":"reportexport","name":"报表展示及导出"}],"name":"影响性分析自动化"},{"path":"/qualitymanager","children":[{"path":"dictionarydeploy","children":[{"path":"dictionarydeploy","name":"字典配置"},{"path":"filesscan","children":[{"path":"singleprojectscan","name":"单项目扫描"},{"path":"multipleprojectscan","name":"多项目扫描"}],"name":"文档扫描"}],"name":"字典配置"},{"path":"filesscan","children":[{"path":"singleprojectscan","name":"单项目扫描"},{"path":"multipleprojectscan","name":"多项目扫描"}],"name":"文档扫描"}],"name":"质量管理"}]}
2022-10-21 15:50:46.640 > INFO   springAppName_IS_UNDEFINED c.e.a.controller.UserController 进入user/permission方法
2022-10-21 15:50:46.641 > INFO   springAppName_IS_UNDEFINED c.e.a.controller.UserController jsonObject:{"data":[{"path":"/dataretrievalsystem","children":[{"path":"scriptquery","name":"脚本查询"},{"path":"reportstatistics","name":"报表统计"},{"path":"tinymce","name":"测试富文本"}],"name":"提数系统"},{"path":"/autoimpactanalysis","children":[{"path":"fileupload","name":"数据导入及程序解析"},{"path":"reportexport","name":"报表展示及导出"}],"name":"影响性分析自动化"},{"path":"/qualitymanager","children":[{"path":"dictionarydeploy","children":[{"path":"dictionarydeploy","name":"字典配置"},{"path":"filesscan","children":[{"path":"singleprojectscan","name":"单项目扫描"},{"path":"multipleprojectscan","name":"多项目扫描"}],"name":"文档扫描"}],"name":"字典配置"},{"path":"filesscan","children":[{"path":"singleprojectscan","name":"单项目扫描"},{"path":"multipleprojectscan","name":"多项目扫描"}],"name":"文档扫描"}],"name":"质量管理"}]}
2022-10-21 15:50:58.281 > INFO   springAppName_IS_UNDEFINED c.e.a.controller.UserController 进入user/permission方法
2022-10-21 15:50:58.282 > INFO   springAppName_IS_UNDEFINED c.e.a.controller.UserController jsonObject:{"data":[{"path":"/dataretrievalsystem","children":[{"path":"scriptquery","name":"脚本查询"},{"path":"reportstatistics","name":"报表统计"},{"path":"tinymce","name":"测试富文本"}],"name":"提数系统"},{"path":"/autoimpactanalysis","children":[{"path":"fileupload","name":"数据导入及程序解析"},{"path":"reportexport","name":"报表展示及导出"}],"name":"影响性分析自动化"},{"path":"/qualitymanager","children":[{"path":"dictionarydeploy","children":[{"path":"dictionarydeploy","name":"字典配置"},{"path":"filesscan","children":[{"path":"singleprojectscan","name":"单项目扫描"},{"path":"multipleprojectscan","name":"多项目扫描"}],"name":"文档扫描"}],"name":"字典配置"},{"path":"filesscan","children":[{"path":"singleprojectscan","name":"单项目扫描"},{"path":"multipleprojectscan","name":"多项目扫描"}],"name":"文档扫描"}],"name":"质量管理"}]}
2022-10-21 15:52:01.379 > INFO   springAppName_IS_UNDEFINED c.e.a.controller.UserController 进入user/permission方法
2022-10-21 15:52:01.380 > INFO   springAppName_IS_UNDEFINED c.e.a.controller.UserController jsonObject:{"data":[{"path":"/dataretrievalsystem","children":[{"path":"scriptquery","name":"脚本查询"},{"path":"reportstatistics","name":"报表统计"},{"path":"tinymce","name":"测试富文本"}],"name":"提数系统"},{"path":"/autoimpactanalysis","children":[{"path":"fileupload","name":"数据导入及程序解析"},{"path":"reportexport","name":"报表展示及导出"}],"name":"影响性分析自动化"},{"path":"/qualitymanager","children":[{"path":"dictionarydeploy","children":[{"path":"dictionarydeploy","name":"字典配置"},{"path":"filesscan","children":[{"path":"singleprojectscan","name":"单项目扫描"},{"path":"multipleprojectscan","name":"多项目扫描"}],"name":"文档扫描"}],"name":"字典配置"},{"path":"filesscan","children":[{"path":"singleprojectscan","name":"单项目扫描"},{"path":"multipleprojectscan","name":"多项目扫描"}],"name":"文档扫描"}],"name":"质量管理"}]}
2022-10-21 15:52:44.648 > INFO   springAppName_IS_UNDEFINED c.e.a.controller.UserController 进入user/permission方法
2022-10-21 15:52:44.649 > INFO   springAppName_IS_UNDEFINED c.e.a.controller.UserController jsonObject:{"data":[{"path":"/dataretrievalsystem","children":[{"path":"scriptquery","name":"脚本查询"},{"path":"reportstatistics","name":"报表统计"},{"path":"tinymce","name":"测试富文本"}],"name":"提数系统"},{"path":"/autoimpactanalysis","children":[{"path":"fileupload","name":"数据导入及程序解析"},{"path":"reportexport","name":"报表展示及导出"}],"name":"影响性分析自动化"},{"path":"/qualitymanager","children":[{"path":"dictionarydeploy","children":[{"path":"dictionarydeploy","name":"字典配置"},{"path":"filesscan","children":[{"path":"singleprojectscan","name":"单项目扫描"},{"path":"multipleprojectscan","name":"多项目扫描"}],"name":"文档扫描"}],"name":"字典配置"},{"path":"filesscan","children":[{"path":"singleprojectscan","name":"单项目扫描"},{"path":"multipleprojectscan","name":"多项目扫描"}],"name":"文档扫描"}],"name":"质量管理"}]}
2022-10-21 15:53:06.818 > INFO   springAppName_IS_UNDEFINED c.e.a.controller.UserController 进入user/permission方法
2022-10-21 15:53:06.819 > INFO   springAppName_IS_UNDEFINED c.e.a.controller.UserController jsonObject:{"data":[{"path":"/dataretrievalsystem","children":[{"path":"scriptquery","name":"脚本查询"},{"path":"reportstatistics","name":"报表统计"},{"path":"tinymce","name":"测试富文本"}],"name":"提数系统"},{"path":"/autoimpactanalysis","children":[{"path":"fileupload","name":"数据导入及程序解析"},{"path":"reportexport","name":"报表展示及导出"}],"name":"影响性分析自动化"},{"path":"/qualitymanager","children":[{"path":"dictionarydeploy","children":[{"path":"dictionarydeploy","name":"字典配置"},{"path":"filesscan","children":[{"path":"singleprojectscan","name":"单项目扫描"},{"path":"multipleprojectscan","name":"多项目扫描"}],"name":"文档扫描"}],"name":"字典配置"},{"path":"filesscan","children":[{"path":"singleprojectscan","name":"单项目扫描"},{"path":"multipleprojectscan","name":"多项目扫描"}],"name":"文档扫描"}],"name":"质量管理"}]}
2022-10-21 15:53:14.983 > INFO   springAppName_IS_UNDEFINED c.e.a.controller.UserController 进入user/permission方法
2022-10-21 15:53:14.984 > INFO   springAppName_IS_UNDEFINED c.e.a.controller.UserController jsonObject:{"data":[{"path":"/dataretrievalsystem","children":[{"path":"scriptquery","name":"脚本查询"},{"path":"reportstatistics","name":"报表统计"},{"path":"tinymce","name":"测试富文本"}],"name":"提数系统"},{"path":"/autoimpactanalysis","children":[{"path":"fileupload","name":"数据导入及程序解析"},{"path":"reportexport","name":"报表展示及导出"}],"name":"影响性分析自动化"},{"path":"/qualitymanager","children":[{"path":"dictionarydeploy","children":[{"path":"dictionarydeploy","name":"字典配置"},{"path":"filesscan","children":[{"path":"singleprojectscan","name":"单项目扫描"},{"path":"multipleprojectscan","name":"多项目扫描"}],"name":"文档扫描"}],"name":"字典配置"},{"path":"filesscan","children":[{"path":"singleprojectscan","name":"单项目扫描"},{"path":"multipleprojectscan","name":"多项目扫描"}],"name":"文档扫描"}],"name":"质量管理"}]}
2022-10-21 15:54:50.615 > INFO   springAppName_IS_UNDEFINED c.e.a.controller.UserController 进入user/permission方法
2022-10-21 15:54:50.616 > INFO   springAppName_IS_UNDEFINED c.e.a.controller.UserController jsonObject:{"data":[{"path":"/dataretrievalsystem","children":[{"path":"scriptquery","name":"脚本查询"},{"path":"reportstatistics","name":"报表统计"},{"path":"tinymce","name":"测试富文本"}],"name":"提数系统"},{"path":"/autoimpactanalysis","children":[{"path":"fileupload","name":"数据导入及程序解析"},{"path":"reportexport","name":"报表展示及导出"}],"name":"影响性分析自动化"},{"path":"/qualitymanager","children":[{"path":"dictionarydeploy","children":[{"path":"dictionarydeploy","name":"字典配置"},{"path":"filesscan","children":[{"path":"singleprojectscan","name":"单项目扫描"},{"path":"multipleprojectscan","name":"多项目扫描"}],"name":"文档扫描"}],"name":"字典配置"},{"path":"filesscan","children":[{"path":"singleprojectscan","name":"单项目扫描"},{"path":"multipleprojectscan","name":"多项目扫描"}],"name":"文档扫描"}],"name":"质量管理"}]}
2022-10-21 15:55:30.373 > INFO   springAppName_IS_UNDEFINED c.e.a.controller.UserController 进入user/permission方法
2022-10-21 15:55:30.375 > INFO   springAppName_IS_UNDEFINED c.e.a.controller.UserController jsonObject:{"data":[{"path":"/dataretrievalsystem","children":[{"path":"scriptquery","name":"脚本查询"},{"path":"reportstatistics","name":"报表统计"},{"path":"tinymce","name":"测试富文本"}],"name":"提数系统"},{"path":"/autoimpactanalysis","children":[{"path":"fileupload","name":"数据导入及程序解析"},{"path":"reportexport","name":"报表展示及导出"}],"name":"影响性分析自动化"},{"path":"/qualitymanager","children":[{"path":"dictionarydeploy","children":[{"path":"dictionarydeploy","name":"字典配置"},{"path":"filesscan","children":[{"path":"singleprojectscan","name":"单项目扫描"},{"path":"multipleprojectscan","name":"多项目扫描"}],"name":"文档扫描"}],"name":"字典配置"},{"path":"filesscan","children":[{"path":"singleprojectscan","name":"单项目扫描"},{"path":"multipleprojectscan","name":"多项目扫描"}],"name":"文档扫描"}],"name":"质量管理"}]}
2022-10-21 15:56:59.115 > INFO   springAppName_IS_UNDEFINED c.e.a.controller.UserController 进入user/permission方法
2022-10-21 15:56:59.117 > INFO   springAppName_IS_UNDEFINED c.e.a.controller.UserController jsonObject:{"data":[{"path":"/dataretrievalsystem","children":[{"path":"scriptquery","name":"脚本查询"},{"path":"reportstatistics","name":"报表统计"},{"path":"tinymce","name":"测试富文本"}],"name":"提数系统"},{"path":"/autoimpactanalysis","children":[{"path":"fileupload","name":"数据导入及程序解析"},{"path":"reportexport","name":"报表展示及导出"}],"name":"影响性分析自动化"},{"path":"/qualitymanager","children":[{"path":"dictionarydeploy","children":[{"path":"dictionarydeploy","name":"字典配置"},{"path":"filesscan","children":[{"path":"singleprojectscan","name":"单项目扫描"},{"path":"multipleprojectscan","name":"多项目扫描"}],"name":"文档扫描"}],"name":"字典配置"},{"path":"filesscan","children":[{"path":"singleprojectscan","name":"单项目扫描"},{"path":"multipleprojectscan","name":"多项目扫描"}],"name":"文档扫描"}],"name":"质量管理"}]}
2022-10-21 16:00:49.881 > INFO   springAppName_IS_UNDEFINED c.e.a.controller.UserController 进入user/permission方法
2022-10-21 16:00:49.883 > INFO   springAppName_IS_UNDEFINED c.e.a.controller.UserController jsonObject:{"data":[{"path":"/dataretrievalsystem","children":[{"path":"scriptquery","name":"脚本查询"},{"path":"reportstatistics","name":"报表统计"},{"path":"tinymce","name":"测试富文本"}],"name":"提数系统"},{"path":"/autoimpactanalysis","children":[{"path":"fileupload","name":"数据导入及程序解析"},{"path":"reportexport","name":"报表展示及导出"}],"name":"影响性分析自动化"},{"path":"/qualitymanager","children":[{"path":"dictionarydeploy","children":[{"path":"dictionarydeploy","name":"字典配置"},{"path":"filesscan","children":[{"path":"singleprojectscan","name":"单项目扫描"},{"path":"multipleprojectscan","name":"多项目扫描"}],"name":"文档扫描"}],"name":"字典配置"},{"path":"filesscan","children":[{"path":"singleprojectscan","name":"单项目扫描"},{"path":"multipleprojectscan","name":"多项目扫描"}],"name":"文档扫描"}],"name":"质量管理"}]}
2022-10-21 16:01:26.964 > INFO   springAppName_IS_UNDEFINED c.e.a.controller.UserController 进入user/permission方法
2022-10-21 16:01:26.966 > INFO   springAppName_IS_UNDEFINED c.e.a.controller.UserController jsonObject:{"data":[{"path":"/dataretrievalsystem","children":[{"path":"scriptquery","name":"脚本查询"},{"path":"reportstatistics","name":"报表统计"},{"path":"tinymce","name":"测试富文本"}],"name":"提数系统"},{"path":"/autoimpactanalysis","children":[{"path":"fileupload","name":"数据导入及程序解析"},{"path":"reportexport","name":"报表展示及导出"}],"name":"影响性分析自动化"},{"path":"/qualitymanager","children":[{"path":"dictionarydeploy","children":[{"path":"dictionarydeploy","name":"字典配置"},{"path":"filesscan","children":[{"path":"singleprojectscan","name":"单项目扫描"},{"path":"multipleprojectscan","name":"多项目扫描"}],"name":"文档扫描"}],"name":"字典配置"},{"path":"filesscan","children":[{"path":"singleprojectscan","name":"单项目扫描"},{"path":"multipleprojectscan","name":"多项目扫描"}],"name":"文档扫描"}],"name":"质量管理"}]}
2022-10-21 16:02:21.567 > INFO   springAppName_IS_UNDEFINED c.e.a.controller.UserController 进入user/permission方法
2022-10-21 16:02:21.568 > INFO   springAppName_IS_UNDEFINED c.e.a.controller.UserController jsonObject:{"data":[{"path":"/dataretrievalsystem","children":[{"path":"scriptquery","name":"脚本查询"},{"path":"reportstatistics","name":"报表统计"},{"path":"tinymce","name":"测试富文本"}],"name":"提数系统"},{"path":"/autoimpactanalysis","children":[{"path":"fileupload","name":"数据导入及程序解析"},{"path":"reportexport","name":"报表展示及导出"}],"name":"影响性分析自动化"},{"path":"/qualitymanager","children":[{"path":"dictionarydeploy","children":[{"path":"dictionarydeploy","name":"字典配置"},{"path":"filesscan","children":[{"path":"singleprojectscan","name":"单项目扫描"},{"path":"multipleprojectscan","name":"多项目扫描"}],"name":"文档扫描"}],"name":"字典配置"},{"path":"filesscan","children":[{"path":"singleprojectscan","name":"单项目扫描"},{"path":"multipleprojectscan","name":"多项目扫描"}],"name":"文档扫描"}],"name":"质量管理"}]}
2022-10-21 16:03:23.791 > INFO   springAppName_IS_UNDEFINED c.e.a.controller.UserController 进入user/permission方法
2022-10-21 16:03:23.792 > INFO   springAppName_IS_UNDEFINED c.e.a.controller.UserController jsonObject:{"data":[{"path":"/dataretrievalsystem","children":[{"path":"scriptquery","name":"脚本查询"},{"path":"reportstatistics","name":"报表统计"},{"path":"tinymce","name":"测试富文本"}],"name":"提数系统"},{"path":"/autoimpactanalysis","children":[{"path":"fileupload","name":"数据导入及程序解析"},{"path":"reportexport","name":"报表展示及导出"}],"name":"影响性分析自动化"},{"path":"/qualitymanager","children":[{"path":"dictionarydeploy","children":[{"path":"dictionarydeploy","name":"字典配置"},{"path":"filesscan","children":[{"path":"singleprojectscan","name":"单项目扫描"},{"path":"multipleprojectscan","name":"多项目扫描"}],"name":"文档扫描"}],"name":"字典配置"},{"path":"filesscan","children":[{"path":"singleprojectscan","name":"单项目扫描"},{"path":"multipleprojectscan","name":"多项目扫描"}],"name":"文档扫描"}],"name":"质量管理"}]}
2022-10-21 16:07:34.636 > INFO   springAppName_IS_UNDEFINED c.e.a.controller.UserController 进入user/permission方法
2022-10-21 16:07:34.637 > INFO   springAppName_IS_UNDEFINED c.e.a.controller.UserController jsonObject:{"data":[{"path":"/dataretrievalsystem","children":[{"path":"scriptquery","name":"脚本查询"},{"path":"reportstatistics","name":"报表统计"},{"path":"tinymce","name":"测试富文本"}],"name":"提数系统"},{"path":"/autoimpactanalysis","children":[{"path":"fileupload","name":"数据导入及程序解析"},{"path":"reportexport","name":"报表展示及导出"}],"name":"影响性分析自动化"},{"path":"/qualitymanager","children":[{"path":"dictionarydeploy","children":[{"path":"dictionarydeploy","name":"字典配置"},{"path":"filesscan","children":[{"path":"singleprojectscan","name":"单项目扫描"},{"path":"multipleprojectscan","name":"多项目扫描"}],"name":"文档扫描"}],"name":"字典配置"},{"path":"filesscan","children":[{"path":"singleprojectscan","name":"单项目扫描"},{"path":"multipleprojectscan","name":"多项目扫描"}],"name":"文档扫描"}],"name":"质量管理"}]}
2022-10-21 16:07:50.850 > INFO   springAppName_IS_UNDEFINED c.e.a.controller.UserController 进入user/permission方法
2022-10-21 16:07:50.851 > INFO   springAppName_IS_UNDEFINED c.e.a.controller.UserController jsonObject:{"data":[{"path":"/dataretrievalsystem","children":[{"path":"scriptquery","name":"脚本查询"},{"path":"reportstatistics","name":"报表统计"},{"path":"tinymce","name":"测试富文本"}],"name":"提数系统"},{"path":"/autoimpactanalysis","children":[{"path":"fileupload","name":"数据导入及程序解析"},{"path":"reportexport","name":"报表展示及导出"}],"name":"影响性分析自动化"},{"path":"/qualitymanager","children":[{"path":"dictionarydeploy","children":[{"path":"dictionarydeploy","name":"字典配置"},{"path":"filesscan","children":[{"path":"singleprojectscan","name":"单项目扫描"},{"path":"multipleprojectscan","name":"多项目扫描"}],"name":"文档扫描"}],"name":"字典配置"},{"path":"filesscan","children":[{"path":"singleprojectscan","name":"单项目扫描"},{"path":"multipleprojectscan","name":"多项目扫描"}],"name":"文档扫描"}],"name":"质量管理"}]}
2022-10-21 16:10:31.436 > INFO   springAppName_IS_UNDEFINED c.e.a.controller.UserController 进入user/permission方法
2022-10-21 16:10:31.438 > INFO   springAppName_IS_UNDEFINED c.e.a.controller.UserController jsonObject:{"data":[{"path":"/dataretrievalsystem","children":[{"path":"scriptquery","name":"脚本查询"},{"path":"reportstatistics","name":"报表统计"},{"path":"tinymce","name":"测试富文本"}],"name":"提数系统"},{"path":"/autoimpactanalysis","children":[{"path":"fileupload","name":"数据导入及程序解析"},{"path":"reportexport","name":"报表展示及导出"}],"name":"影响性分析自动化"},{"path":"/qualitymanager","children":[{"path":"dictionarydeploy","children":[{"path":"dictionarydeploy","name":"字典配置"},{"path":"filesscan","children":[{"path":"singleprojectscan","name":"单项目扫描"},{"path":"multipleprojectscan","name":"多项目扫描"}],"name":"文档扫描"}],"name":"字典配置"},{"path":"filesscan","children":[{"path":"singleprojectscan","name":"单项目扫描"},{"path":"multipleprojectscan","name":"多项目扫描"}],"name":"文档扫描"}],"name":"质量管理"}]}
2022-10-21 16:10:57.703 > INFO   springAppName_IS_UNDEFINED c.e.a.controller.UserController 进入user/permission方法
2022-10-21 16:10:57.704 > INFO   springAppName_IS_UNDEFINED c.e.a.controller.UserController jsonObject:{"data":[{"path":"/dataretrievalsystem","children":[{"path":"scriptquery","name":"脚本查询"},{"path":"reportstatistics","name":"报表统计"},{"path":"tinymce","name":"测试富文本"}],"name":"提数系统"},{"path":"/autoimpactanalysis","children":[{"path":"fileupload","name":"数据导入及程序解析"},{"path":"reportexport","name":"报表展示及导出"}],"name":"影响性分析自动化"},{"path":"/qualitymanager","children":[{"path":"dictionarydeploy","children":[{"path":"dictionarydeploy","name":"字典配置"},{"path":"filesscan","children":[{"path":"singleprojectscan","name":"单项目扫描"},{"path":"multipleprojectscan","name":"多项目扫描"}],"name":"文档扫描"}],"name":"字典配置"},{"path":"filesscan","children":[{"path":"singleprojectscan","name":"单项目扫描"},{"path":"multipleprojectscan","name":"多项目扫描"}],"name":"文档扫描"}],"name":"质量管理"}]}
2022-10-21 16:12:08.889 > INFO   springAppName_IS_UNDEFINED c.e.a.controller.UserController 进入user/permission方法
2022-10-21 16:12:08.891 > INFO   springAppName_IS_UNDEFINED c.e.a.controller.UserController jsonObject:{"data":[{"path":"/dataretrievalsystem","children":[{"path":"scriptquery","name":"脚本查询"},{"path":"reportstatistics","name":"报表统计"},{"path":"tinymce","name":"测试富文本"}],"name":"提数系统"},{"path":"/autoimpactanalysis","children":[{"path":"fileupload","name":"数据导入及程序解析"},{"path":"reportexport","name":"报表展示及导出"}],"name":"影响性分析自动化"},{"path":"/qualitymanager","children":[{"path":"dictionarydeploy","children":[{"path":"dictionarydeploy","name":"字典配置"},{"path":"filesscan","children":[{"path":"singleprojectscan","name":"单项目扫描"},{"path":"multipleprojectscan","name":"多项目扫描"}],"name":"文档扫描"}],"name":"字典配置"},{"path":"filesscan","children":[{"path":"singleprojectscan","name":"单项目扫描"},{"path":"multipleprojectscan","name":"多项目扫描"}],"name":"文档扫描"}],"name":"质量管理"}]}
2022-10-21 16:12:36.668 > INFO   springAppName_IS_UNDEFINED c.e.a.controller.UserController 进入user/permission方法
2022-10-21 16:12:36.670 > INFO   springAppName_IS_UNDEFINED c.e.a.controller.UserController jsonObject:{"data":[{"path":"/dataretrievalsystem","children":[{"path":"scriptquery","name":"脚本查询"},{"path":"reportstatistics","name":"报表统计"},{"path":"tinymce","name":"测试富文本"}],"name":"提数系统"},{"path":"/autoimpactanalysis","children":[{"path":"fileupload","name":"数据导入及程序解析"},{"path":"reportexport","name":"报表展示及导出"}],"name":"影响性分析自动化"},{"path":"/qualitymanager","children":[{"path":"dictionarydeploy","children":[{"path":"dictionarydeploy","name":"字典配置"},{"path":"filesscan","children":[{"path":"singleprojectscan","name":"单项目扫描"},{"path":"multipleprojectscan","name":"多项目扫描"}],"name":"文档扫描"}],"name":"字典配置"},{"path":"filesscan","children":[{"path":"singleprojectscan","name":"单项目扫描"},{"path":"multipleprojectscan","name":"多项目扫描"}],"name":"文档扫描"}],"name":"质量管理"}]}
2022-10-21 16:14:30.998 > INFO   springAppName_IS_UNDEFINED c.e.a.controller.UserController 进入user/permission方法
2022-10-21 16:14:31.000 > INFO   springAppName_IS_UNDEFINED c.e.a.controller.UserController jsonObject:{"data":[{"path":"/dataretrievalsystem","children":[{"path":"scriptquery","name":"脚本查询"},{"path":"reportstatistics","name":"报表统计"},{"path":"tinymce","name":"测试富文本"}],"name":"提数系统"},{"path":"/autoimpactanalysis","children":[{"path":"fileupload","name":"数据导入及程序解析"},{"path":"reportexport","name":"报表展示及导出"}],"name":"影响性分析自动化"},{"path":"/qualitymanager","children":[{"path":"dictionarydeploy","children":[{"path":"dictionarydeploy","name":"字典配置"},{"path":"filesscan","children":[{"path":"singleprojectscan","name":"单项目扫描"},{"path":"multipleprojectscan","name":"多项目扫描"}],"name":"文档扫描"}],"name":"字典配置"},{"path":"filesscan","children":[{"path":"singleprojectscan","name":"单项目扫描"},{"path":"multipleprojectscan","name":"多项目扫描"}],"name":"文档扫描"}],"name":"质量管理"}]}
2022-10-21 16:15:26.340 > INFO   springAppName_IS_UNDEFINED c.e.a.controller.UserController 进入user/permission方法
2022-10-21 16:15:26.341 > INFO   springAppName_IS_UNDEFINED c.e.a.controller.UserController jsonObject:{"data":[{"path":"/dataretrievalsystem","children":[{"path":"scriptquery","name":"脚本查询"},{"path":"reportstatistics","name":"报表统计"},{"path":"tinymce","name":"测试富文本"}],"name":"提数系统"},{"path":"/autoimpactanalysis","children":[{"path":"fileupload","name":"数据导入及程序解析"},{"path":"reportexport","name":"报表展示及导出"}],"name":"影响性分析自动化"},{"path":"/qualitymanager","children":[{"path":"dictionarydeploy","children":[{"path":"dictionarydeploy","name":"字典配置"},{"path":"filesscan","children":[{"path":"singleprojectscan","name":"单项目扫描"},{"path":"multipleprojectscan","name":"多项目扫描"}],"name":"文档扫描"}],"name":"字典配置"},{"path":"filesscan","children":[{"path":"singleprojectscan","name":"单项目扫描"},{"path":"multipleprojectscan","name":"多项目扫描"}],"name":"文档扫描"}],"name":"质量管理"}]}
2022-10-21 16:19:30.562 > INFO   springAppName_IS_UNDEFINED c.e.a.controller.UserController 进入user/permission方法
2022-10-21 16:19:30.563 > INFO   springAppName_IS_UNDEFINED c.e.a.controller.UserController jsonObject:{"data":[{"path":"/dataretrievalsystem","children":[{"path":"scriptquery","name":"脚本查询"},{"path":"reportstatistics","name":"报表统计"},{"path":"tinymce","name":"测试富文本"}],"name":"提数系统"},{"path":"/autoimpactanalysis","children":[{"path":"fileupload","name":"数据导入及程序解析"},{"path":"reportexport","name":"报表展示及导出"}],"name":"影响性分析自动化"},{"path":"/qualitymanager","children":[{"path":"dictionarydeploy","children":[{"path":"dictionarydeploy","name":"字典配置"},{"path":"filesscan","children":[{"path":"singleprojectscan","name":"单项目扫描"},{"path":"multipleprojectscan","name":"多项目扫描"}],"name":"文档扫描"}],"name":"字典配置"},{"path":"filesscan","children":[{"path":"singleprojectscan","name":"单项目扫描"},{"path":"multipleprojectscan","name":"多项目扫描"}],"name":"文档扫描"}],"name":"质量管理"}]}
2022-10-21 16:21:08.412 > INFO   springAppName_IS_UNDEFINED c.e.a.controller.UserController 进入user/permission方法
2022-10-21 16:21:08.414 > INFO   springAppName_IS_UNDEFINED c.e.a.controller.UserController jsonObject:{"data":[{"path":"/dataretrievalsystem","children":[{"path":"scriptquery","name":"脚本查询"},{"path":"reportstatistics","name":"报表统计"},{"path":"tinymce","name":"测试富文本"}],"name":"提数系统"},{"path":"/autoimpactanalysis","children":[{"path":"fileupload","name":"数据导入及程序解析"},{"path":"reportexport","name":"报表展示及导出"}],"name":"影响性分析自动化"},{"path":"/qualitymanager","children":[{"path":"dictionarydeploy","children":[{"path":"dictionarydeploy","name":"字典配置"},{"path":"filesscan","children":[{"path":"singleprojectscan","name":"单项目扫描"},{"path":"multipleprojectscan","name":"多项目扫描"}],"name":"文档扫描"}],"name":"字典配置"},{"path":"filesscan","children":[{"path":"singleprojectscan","name":"单项目扫描"},{"path":"multipleprojectscan","name":"多项目扫描"}],"name":"文档扫描"}],"name":"质量管理"}]}
2022-10-21 16:25:32.324 > INFO   springAppName_IS_UNDEFINED c.e.a.controller.UserController 进入user/permission方法
2022-10-21 16:25:32.326 > INFO   springAppName_IS_UNDEFINED c.e.a.controller.UserController jsonObject:{"data":[{"path":"/dataretrievalsystem","children":[{"path":"scriptquery","name":"脚本查询"},{"path":"reportstatistics","name":"报表统计"},{"path":"tinymce","name":"测试富文本"}],"name":"提数系统"},{"path":"/autoimpactanalysis","children":[{"path":"fileupload","name":"数据导入及程序解析"},{"path":"reportexport","name":"报表展示及导出"}],"name":"影响性分析自动化"},{"path":"/qualitymanager","children":[{"path":"dictionarydeploy","children":[{"path":"dictionarydeploy","name":"字典配置"},{"path":"filesscan","children":[{"path":"singleprojectscan","name":"单项目扫描"},{"path":"multipleprojectscan","name":"多项目扫描"}],"name":"文档扫描"}],"name":"字典配置"},{"path":"filesscan","children":[{"path":"singleprojectscan","name":"单项目扫描"},{"path":"multipleprojectscan","name":"多项目扫描"}],"name":"文档扫描"}],"name":"质量管理"}]}
2022-10-21 16:29:51.578 > INFO   springAppName_IS_UNDEFINED c.e.a.controller.UserController 进入user/permission方法
2022-10-21 16:29:51.580 > INFO   springAppName_IS_UNDEFINED c.e.a.controller.UserController jsonObject:{"data":[{"path":"/dataretrievalsystem","children":[{"path":"scriptquery","name":"脚本查询"},{"path":"reportstatistics","name":"报表统计"},{"path":"tinymce","name":"测试富文本"}],"name":"提数系统"},{"path":"/autoimpactanalysis","children":[{"path":"fileupload","name":"数据导入及程序解析"},{"path":"reportexport","name":"报表展示及导出"}],"name":"影响性分析自动化"},{"path":"/qualitymanager","children":[{"path":"dictionarydeploy","children":[{"path":"dictionarydeploy","name":"字典配置"},{"path":"filesscan","children":[{"path":"singleprojectscan","name":"单项目扫描"},{"path":"multipleprojectscan","name":"多项目扫描"}],"name":"文档扫描"}],"name":"字典配置"},{"path":"filesscan","children":[{"path":"singleprojectscan","name":"单项目扫描"},{"path":"multipleprojectscan","name":"多项目扫描"}],"name":"文档扫描"}],"name":"质量管理"}]}
2022-10-21 16:30:36.986 > INFO   springAppName_IS_UNDEFINED c.e.a.controller.UserController 进入user/permission方法
2022-10-21 16:30:36.987 > INFO   springAppName_IS_UNDEFINED c.e.a.controller.UserController jsonObject:{"data":[{"path":"/dataretrievalsystem","children":[{"path":"scriptquery","name":"脚本查询"},{"path":"reportstatistics","name":"报表统计"},{"path":"tinymce","name":"测试富文本"}],"name":"提数系统"},{"path":"/autoimpactanalysis","children":[{"path":"fileupload","name":"数据导入及程序解析"},{"path":"reportexport","name":"报表展示及导出"}],"name":"影响性分析自动化"},{"path":"/qualitymanager","children":[{"path":"dictionarydeploy","children":[{"path":"dictionarydeploy","name":"字典配置"},{"path":"filesscan","children":[{"path":"singleprojectscan","name":"单项目扫描"},{"path":"multipleprojectscan","name":"多项目扫描"}],"name":"文档扫描"}],"name":"字典配置"},{"path":"filesscan","children":[{"path":"singleprojectscan","name":"单项目扫描"},{"path":"multipleprojectscan","name":"多项目扫描"}],"name":"文档扫描"}],"name":"质量管理"}]}
2022-10-21 16:31:47.367 > INFO   springAppName_IS_UNDEFINED c.e.a.controller.UserController 进入user/permission方法
2022-10-21 16:31:47.368 > INFO   springAppName_IS_UNDEFINED c.e.a.controller.UserController jsonObject:{"data":[{"path":"/dataretrievalsystem","children":[{"path":"scriptquery","name":"脚本查询"},{"path":"reportstatistics","name":"报表统计"},{"path":"tinymce","name":"测试富文本"}],"name":"提数系统"},{"path":"/autoimpactanalysis","children":[{"path":"fileupload","name":"数据导入及程序解析"},{"path":"reportexport","name":"报表展示及导出"}],"name":"影响性分析自动化"},{"path":"/qualitymanager","children":[{"path":"dictionarydeploy","children":[{"path":"dictionarydeploy","name":"字典配置"},{"path":"filesscan","children":[{"path":"singleprojectscan","name":"单项目扫描"},{"path":"multipleprojectscan","name":"多项目扫描"}],"name":"文档扫描"}],"name":"字典配置"},{"path":"filesscan","children":[{"path":"singleprojectscan","name":"单项目扫描"},{"path":"multipleprojectscan","name":"多项目扫描"}],"name":"文档扫描"}],"name":"质量管理"}]}
2022-10-21 16:33:20.780 > INFO   springAppName_IS_UNDEFINED c.e.a.controller.UserController 进入user/permission方法
2022-10-21 16:33:20.781 > INFO   springAppName_IS_UNDEFINED c.e.a.controller.UserController jsonObject:{"data":[{"path":"/dataretrievalsystem","children":[{"path":"scriptquery","name":"脚本查询"},{"path":"reportstatistics","name":"报表统计"},{"path":"tinymce","name":"测试富文本"}],"name":"提数系统"},{"path":"/autoimpactanalysis","children":[{"path":"fileupload","name":"数据导入及程序解析"},{"path":"reportexport","name":"报表展示及导出"}],"name":"影响性分析自动化"},{"path":"/qualitymanager","children":[{"path":"dictionarydeploy","children":[{"path":"dictionarydeploy","name":"字典配置"},{"path":"filesscan","children":[{"path":"singleprojectscan","name":"单项目扫描"},{"path":"multipleprojectscan","name":"多项目扫描"}],"name":"文档扫描"}],"name":"字典配置"},{"path":"filesscan","children":[{"path":"singleprojectscan","name":"单项目扫描"},{"path":"multipleprojectscan","name":"多项目扫描"}],"name":"文档扫描"}],"name":"质量管理"}]}
2022-10-21 16:33:32.083 > INFO   springAppName_IS_UNDEFINED c.e.a.controller.UserController 进入user/permission方法
2022-10-21 16:33:32.084 > INFO   springAppName_IS_UNDEFINED c.e.a.controller.UserController jsonObject:{"data":[{"path":"/dataretrievalsystem","children":[{"path":"scriptquery","name":"脚本查询"},{"path":"reportstatistics","name":"报表统计"},{"path":"tinymce","name":"测试富文本"}],"name":"提数系统"},{"path":"/autoimpactanalysis","children":[{"path":"fileupload","name":"数据导入及程序解析"},{"path":"reportexport","name":"报表展示及导出"}],"name":"影响性分析自动化"},{"path":"/qualitymanager","children":[{"path":"dictionarydeploy","children":[{"path":"dictionarydeploy","name":"字典配置"},{"path":"filesscan","children":[{"path":"singleprojectscan","name":"单项目扫描"},{"path":"multipleprojectscan","name":"多项目扫描"}],"name":"文档扫描"}],"name":"字典配置"},{"path":"filesscan","children":[{"path":"singleprojectscan","name":"单项目扫描"},{"path":"multipleprojectscan","name":"多项目扫描"}],"name":"文档扫描"}],"name":"质量管理"}]}
2022-10-21 16:33:48.279 > INFO   springAppName_IS_UNDEFINED c.e.a.controller.UserController 进入user/permission方法
2022-10-21 16:33:48.280 > INFO   springAppName_IS_UNDEFINED c.e.a.controller.UserController jsonObject:{"data":[{"path":"/dataretrievalsystem","children":[{"path":"scriptquery","name":"脚本查询"},{"path":"reportstatistics","name":"报表统计"},{"path":"tinymce","name":"测试富文本"}],"name":"提数系统"},{"path":"/autoimpactanalysis","children":[{"path":"fileupload","name":"数据导入及程序解析"},{"path":"reportexport","name":"报表展示及导出"}],"name":"影响性分析自动化"},{"path":"/qualitymanager","children":[{"path":"dictionarydeploy","children":[{"path":"dictionarydeploy","name":"字典配置"},{"path":"filesscan","children":[{"path":"singleprojectscan","name":"单项目扫描"},{"path":"multipleprojectscan","name":"多项目扫描"}],"name":"文档扫描"}],"name":"字典配置"},{"path":"filesscan","children":[{"path":"singleprojectscan","name":"单项目扫描"},{"path":"multipleprojectscan","name":"多项目扫描"}],"name":"文档扫描"}],"name":"质量管理"}]}
2022-10-21 16:34:57.895 > INFO   springAppName_IS_UNDEFINED c.e.a.controller.UserController 进入user/permission方法
2022-10-21 16:34:57.896 > INFO   springAppName_IS_UNDEFINED c.e.a.controller.UserController jsonObject:{"data":[{"path":"/dataretrievalsystem","children":[{"path":"scriptquery","name":"脚本查询"},{"path":"reportstatistics","name":"报表统计"},{"path":"tinymce","name":"测试富文本"}],"name":"提数系统"},{"path":"/autoimpactanalysis","children":[{"path":"fileupload","name":"数据导入及程序解析"},{"path":"reportexport","name":"报表展示及导出"}],"name":"影响性分析自动化"},{"path":"/qualitymanager","children":[{"path":"dictionarydeploy","children":[{"path":"dictionarydeploy","name":"字典配置"},{"path":"filesscan","children":[{"path":"singleprojectscan","name":"单项目扫描"},{"path":"multipleprojectscan","name":"多项目扫描"}],"name":"文档扫描"}],"name":"字典配置"},{"path":"filesscan","children":[{"path":"singleprojectscan","name":"单项目扫描"},{"path":"multipleprojectscan","name":"多项目扫描"}],"name":"文档扫描"}],"name":"质量管理"}]}
