2022-09-23 12:06:12.655 > INFO   springAppName_IS_UNDEFINED c.e.a.AutoimpactanalysisApplication Starting AutoimpactanalysisApplication using Java 1.8.0_231 on DESKTOP-SVPMA7U with PID 29800 (D:\work\workspace\work_workspace\autoimpactanalysis\target\classes started by Mechrevo in D:\work\workspace\work_workspace\autoimpactanalysis)
2022-09-23 12:06:12.724 > INFO   springAppName_IS_UNDEFINED c.e.a.AutoimpactanalysisApplication No active profile set, falling back to 1 default profile: "default"
2022-09-23 12:06:20.863 > INFO   springAppName_IS_UNDEFINED o.s.c.s.PostProcessorRegistrationDelegate$BeanPostProcessorChecker Bean 'spring.datasource.dynamic-com.baomidou.dynamic.datasource.spring.boot.autoconfigure.DynamicDataSourceProperties' of type [com.baomidou.dynamic.datasource.spring.boot.autoconfigure.DynamicDataSourceProperties] is not eligible for getting processed by all BeanPostProcessors (for example: not eligible for auto-proxying)
2022-09-23 12:06:20.863 > INFO   springAppName_IS_UNDEFINED o.s.c.s.PostProcessorRegistrationDelegate$BeanPostProcessorChecker Bean 'com.baomidou.dynamic.datasource.spring.boot.autoconfigure.DynamicDataSourceAutoConfiguration' of type [com.baomidou.dynamic.datasource.spring.boot.autoconfigure.DynamicDataSourceAutoConfiguration$$EnhancerBySpringCGLIB$$d4ec5c47] is not eligible for getting processed by all BeanPostProcessors (for example: not eligible for auto-proxying)
2022-09-23 12:06:20.916 > INFO   springAppName_IS_UNDEFINED o.s.c.s.PostProcessorRegistrationDelegate$BeanPostProcessorChecker Bean 'dsProcessor' of type [com.baomidou.dynamic.datasource.processor.DsHeaderProcessor] is not eligible for getting processed by all BeanPostProcessors (for example: not eligible for auto-proxying)
2022-09-23 12:06:22.235 > INFO   springAppName_IS_UNDEFINED o.s.b.w.e.tomcat.TomcatWebServer Tomcat initialized with port(s): 9080 (http)
2022-09-23 12:06:22.267 > INFO   springAppName_IS_UNDEFINED o.a.coyote.http11.Http11NioProtocol Initializing ProtocolHandler ["http-nio-9080"]
2022-09-23 12:06:22.267 > INFO   springAppName_IS_UNDEFINED o.a.catalina.core.StandardService Starting service [Tomcat]
2022-09-23 12:06:22.267 > INFO   springAppName_IS_UNDEFINED o.a.catalina.core.StandardEngine Starting Servlet engine: [Apache Tomcat/9.0.58]
2022-09-23 12:06:22.737 > INFO   springAppName_IS_UNDEFINED o.a.c.c.C.[.[.[/autoimpactanalysis] Initializing Spring embedded WebApplicationContext
2022-09-23 12:06:22.737 > INFO   springAppName_IS_UNDEFINED o.s.b.w.s.c.ServletWebServerApplicationContext Root WebApplicationContext: initialization completed in 9628 ms
2022-09-23 12:06:23.925 > INFO   springAppName_IS_UNDEFINED com.zaxxer.hikari.HikariDataSource mysql - Starting...
2022-09-23 12:06:24.721 > INFO   springAppName_IS_UNDEFINED com.zaxxer.hikari.HikariDataSource mysql - Start completed.
2022-09-23 12:06:24.728 > INFO   springAppName_IS_UNDEFINED c.b.d.d.DynamicRoutingDataSource dynamic-datasource - add a datasource named [mysql] success
2022-09-23 12:06:24.728 > INFO   springAppName_IS_UNDEFINED c.b.d.d.DynamicRoutingDataSource dynamic-datasource initial loaded [1] datasource,primary datasource named [mysql]
2022-09-23 12:06:26.494 > WARN   springAppName_IS_UNDEFINED c.b.m.c.injector.DefaultSqlInjector class com.example.autoimpactanalysis.entity.Source ,Not found @TableId annotation, Cannot use Mybatis-Plus 'xxById' Method.
2022-09-23 12:06:30.790 > INFO   springAppName_IS_UNDEFINED o.a.coyote.http11.Http11NioProtocol Starting ProtocolHandler ["http-nio-9080"]
2022-09-23 12:06:30.828 > INFO   springAppName_IS_UNDEFINED o.s.b.w.e.tomcat.TomcatWebServer Tomcat started on port(s): 9080 (http) with context path '/autoimpactanalysis'
2022-09-23 12:06:31.345 > INFO   springAppName_IS_UNDEFINED c.e.a.AutoimpactanalysisApplication Started AutoimpactanalysisApplication in 22.695 seconds (JVM running for 29.301)
2022-09-23 12:07:25.163 > INFO   springAppName_IS_UNDEFINED o.a.c.c.C.[.[.[/autoimpactanalysis] Initializing Spring DispatcherServlet 'dispatcherServlet'
2022-09-23 12:07:25.164 > INFO   springAppName_IS_UNDEFINED o.s.web.servlet.DispatcherServlet Initializing Servlet 'dispatcherServlet'
2022-09-23 12:07:25.165 > INFO   springAppName_IS_UNDEFINED o.s.web.servlet.DispatcherServlet Completed initialization in 1 ms
2022-09-23 12:07:36.952 > INFO   springAppName_IS_UNDEFINED c.e.a.controller.SourceController 进入user/login方法
2022-09-23 12:07:42.249 > INFO   springAppName_IS_UNDEFINED c.e.a.controller.SourceController 进入user/login方法
2022-09-23 12:07:47.049 > INFO   springAppName_IS_UNDEFINED c.e.a.controller.SourceController 进入user/login方法
2022-09-23 12:07:47.418 > INFO   springAppName_IS_UNDEFINED c.e.a.controller.SourceController 进入user/permission方法
2022-09-23 12:07:47.791 > INFO   springAppName_IS_UNDEFINED c.e.a.controller.SourceController jsonObject:{"data":[{"path":"/dataretrievalsystem","children":[{"path":"scriptupload","name":"脚本上传"},{"path":"scriptquery","name":"脚本查询"}],"name":"提数系统"},{"path":"/autoimpactanalysis","children":[{"path":"fileupload","name":"数据导入及程序解析"},{"path":"reportexport","name":"报表展示及导出"}],"name":"影响性分析自动化"},{"path":"/qualitymanager","children":[{"path":"dictionarydeploy","children":[{"path":"dictionarydeploy","name":"字典配置"},{"path":"filesscan","children":[{"path":"singleprojectscan","name":"单项目扫描"},{"path":"multipleprojectscan","name":"多项目扫描"}],"name":"文档扫描"}],"name":"字典配置"},{"path":"filesscan","children":[{"path":"singleprojectscan","name":"单项目扫描"},{"path":"multipleprojectscan","name":"多项目扫描"}],"name":"文档扫描"}],"name":"质量管理"}]}
