2022-11-04 09:16:45,007 - Log4JLogChute initialized using file 'velocity.log'
2022-11-04 09:16:45,007 - Initializing Velocity, Calling init()...
2022-11-04 09:16:45,007 - Starting Apache Velocity v1.7 (compiled: 2010-11-19 12:14:37)
2022-11-04 09:16:45,007 - Default Properties File: org/apache/velocity/runtime/defaults/velocity.properties
2022-11-04 09:16:45,007 - Trying to use logger class org.apache.velocity.runtime.log.AvalonLogChute
2022-11-04 09:16:45,007 - Target log system for org.apache.velocity.runtime.log.AvalonLogChute is not available (java.lang.NoClassDefFoundError: org/apache/log/format/Formatter).  Falling back to next log system...
2022-11-04 09:16:45,007 - Trying to use logger class org.apache.velocity.runtime.log.Log4JLogChute
2022-11-04 09:16:45,007 - Using logger class org.apache.velocity.runtime.log.Log4JLogChute
2022-11-04 09:16:45,010 - ResourceLoader instantiated: org.apache.velocity.runtime.resource.loader.ClasspathResourceLoader
2022-11-04 09:16:45,021 - ResourceCache: initialized (class org.apache.velocity.runtime.resource.ResourceCacheImpl) with class java.util.Collections$SynchronizedMap cache map.
2022-11-04 09:16:45,023 - Loaded System Directive: org.apache.velocity.runtime.directive.Stop
2022-11-04 09:16:45,025 - Loaded System Directive: org.apache.velocity.runtime.directive.Define
2022-11-04 09:16:45,026 - Loaded System Directive: org.apache.velocity.runtime.directive.Break
2022-11-04 09:16:45,026 - Loaded System Directive: org.apache.velocity.runtime.directive.Evaluate
2022-11-04 09:16:45,027 - Loaded System Directive: org.apache.velocity.runtime.directive.Literal
2022-11-04 09:16:45,027 - Loaded System Directive: org.apache.velocity.runtime.directive.Macro
2022-11-04 09:16:45,028 - Loaded System Directive: org.apache.velocity.runtime.directive.Parse
2022-11-04 09:16:45,028 - Loaded System Directive: org.apache.velocity.runtime.directive.Include
2022-11-04 09:16:45,029 - Loaded System Directive: org.apache.velocity.runtime.directive.Foreach
2022-11-04 09:16:45,046 - Created '20' parsers.
2022-11-04 09:16:45,051 - Velocimacro : "velocimacro.library" is not set.  Trying default library: VM_global_library.vm
2022-11-04 09:16:45,052 - Could not load resource 'VM_global_library.vm' from ResourceLoader org.apache.velocity.runtime.resource.loader.ClasspathResourceLoader: ClasspathResourceLoader Error: cannot find resource VM_global_library.vm
2022-11-04 09:16:45,052 - Velocimacro : Default library not found.
2022-11-04 09:16:45,052 - Velocimacro : allowInline = true : VMs can be defined inline in templates
2022-11-04 09:16:45,052 - Velocimacro : allowInlineToOverride = false : VMs defined inline may NOT replace previous VM definitions
2022-11-04 09:16:45,052 - Velocimacro : allowInlineLocal = false : VMs defined inline will be global in scope if allowed.
2022-11-04 09:16:45,052 - Velocimacro : autoload off : VM system will not automatically reload global library macros
2022-11-04 09:16:45,081 - ResourceManager : found /templates/entity.java.vm with loader org.apache.velocity.runtime.resource.loader.ClasspathResourceLoader
2022-11-04 09:16:45,107 - ResourceManager : found /templates/mapper.java.vm with loader org.apache.velocity.runtime.resource.loader.ClasspathResourceLoader
2022-11-04 09:16:45,125 - ResourceManager : found /templates/mapper.xml.vm with loader org.apache.velocity.runtime.resource.loader.ClasspathResourceLoader
2022-11-04 09:16:45,135 - ResourceManager : found /templates/service.java.vm with loader org.apache.velocity.runtime.resource.loader.ClasspathResourceLoader
2022-11-04 09:16:45,137 - ResourceManager : found /templates/serviceImpl.java.vm with loader org.apache.velocity.runtime.resource.loader.ClasspathResourceLoader
2022-11-04 09:16:45,143 - ResourceManager : found /templates/controller.java.vm with loader org.apache.velocity.runtime.resource.loader.ClasspathResourceLoader
2022-11-04 09:53:30,156 - Log4JLogChute initialized using file 'velocity.log'
2022-11-04 09:53:30,157 - Initializing Velocity, Calling init()...
2022-11-04 09:53:30,157 - Starting Apache Velocity v1.7 (compiled: 2010-11-19 12:14:37)
2022-11-04 09:53:30,157 - Default Properties File: org/apache/velocity/runtime/defaults/velocity.properties
2022-11-04 09:53:30,157 - Trying to use logger class org.apache.velocity.runtime.log.AvalonLogChute
2022-11-04 09:53:30,157 - Target log system for org.apache.velocity.runtime.log.AvalonLogChute is not available (java.lang.NoClassDefFoundError: org/apache/log/format/Formatter).  Falling back to next log system...
2022-11-04 09:53:30,157 - Trying to use logger class org.apache.velocity.runtime.log.Log4JLogChute
2022-11-04 09:53:30,157 - Using logger class org.apache.velocity.runtime.log.Log4JLogChute
2022-11-04 09:53:30,158 - ResourceLoader instantiated: org.apache.velocity.runtime.resource.loader.ClasspathResourceLoader
2022-11-04 09:53:30,164 - ResourceCache: initialized (class org.apache.velocity.runtime.resource.ResourceCacheImpl) with class java.util.Collections$SynchronizedMap cache map.
2022-11-04 09:53:30,167 - Loaded System Directive: org.apache.velocity.runtime.directive.Stop
2022-11-04 09:53:30,168 - Loaded System Directive: org.apache.velocity.runtime.directive.Define
2022-11-04 09:53:30,168 - Loaded System Directive: org.apache.velocity.runtime.directive.Break
2022-11-04 09:53:30,169 - Loaded System Directive: org.apache.velocity.runtime.directive.Evaluate
2022-11-04 09:53:30,169 - Loaded System Directive: org.apache.velocity.runtime.directive.Literal
2022-11-04 09:53:30,169 - Loaded System Directive: org.apache.velocity.runtime.directive.Macro
2022-11-04 09:53:30,170 - Loaded System Directive: org.apache.velocity.runtime.directive.Parse
2022-11-04 09:53:30,170 - Loaded System Directive: org.apache.velocity.runtime.directive.Include
2022-11-04 09:53:30,171 - Loaded System Directive: org.apache.velocity.runtime.directive.Foreach
2022-11-04 09:53:30,185 - Created '20' parsers.
2022-11-04 09:53:30,188 - Velocimacro : "velocimacro.library" is not set.  Trying default library: VM_global_library.vm
2022-11-04 09:53:30,188 - Could not load resource 'VM_global_library.vm' from ResourceLoader org.apache.velocity.runtime.resource.loader.ClasspathResourceLoader: ClasspathResourceLoader Error: cannot find resource VM_global_library.vm
2022-11-04 09:53:30,188 - Velocimacro : Default library not found.
2022-11-04 09:53:30,188 - Velocimacro : allowInline = true : VMs can be defined inline in templates
2022-11-04 09:53:30,188 - Velocimacro : allowInlineToOverride = false : VMs defined inline may NOT replace previous VM definitions
2022-11-04 09:53:30,188 - Velocimacro : allowInlineLocal = false : VMs defined inline will be global in scope if allowed.
2022-11-04 09:53:30,188 - Velocimacro : autoload off : VM system will not automatically reload global library macros
2022-11-04 09:53:30,216 - ResourceManager : found /templates/entity.java.vm with loader org.apache.velocity.runtime.resource.loader.ClasspathResourceLoader
2022-11-04 09:53:30,230 - ResourceManager : found /templates/mapper.java.vm with loader org.apache.velocity.runtime.resource.loader.ClasspathResourceLoader
2022-11-04 09:53:30,248 - ResourceManager : found /templates/mapper.xml.vm with loader org.apache.velocity.runtime.resource.loader.ClasspathResourceLoader
2022-11-04 09:53:30,260 - ResourceManager : found /templates/service.java.vm with loader org.apache.velocity.runtime.resource.loader.ClasspathResourceLoader
2022-11-04 09:53:30,263 - ResourceManager : found /templates/serviceImpl.java.vm with loader org.apache.velocity.runtime.resource.loader.ClasspathResourceLoader
2022-11-04 09:53:30,276 - ResourceManager : found /templates/controller.java.vm with loader org.apache.velocity.runtime.resource.loader.ClasspathResourceLoader
2022-11-04 14:35:14,598 - Log4JLogChute initialized using file 'velocity.log'
2022-11-04 14:35:14,599 - Initializing Velocity, Calling init()...
2022-11-04 14:35:14,599 - Starting Apache Velocity v1.7 (compiled: 2010-11-19 12:14:37)
2022-11-04 14:35:14,599 - Default Properties File: org/apache/velocity/runtime/defaults/velocity.properties
2022-11-04 14:35:14,599 - Trying to use logger class org.apache.velocity.runtime.log.AvalonLogChute
2022-11-04 14:35:14,599 - Target log system for org.apache.velocity.runtime.log.AvalonLogChute is not available (java.lang.NoClassDefFoundError: org/apache/log/format/Formatter).  Falling back to next log system...
2022-11-04 14:35:14,599 - Trying to use logger class org.apache.velocity.runtime.log.Log4JLogChute
2022-11-04 14:35:14,599 - Using logger class org.apache.velocity.runtime.log.Log4JLogChute
2022-11-04 14:35:14,600 - ResourceLoader instantiated: org.apache.velocity.runtime.resource.loader.ClasspathResourceLoader
2022-11-04 14:35:14,606 - ResourceCache: initialized (class org.apache.velocity.runtime.resource.ResourceCacheImpl) with class java.util.Collections$SynchronizedMap cache map.
2022-11-04 14:35:14,608 - Loaded System Directive: org.apache.velocity.runtime.directive.Stop
2022-11-04 14:35:14,608 - Loaded System Directive: org.apache.velocity.runtime.directive.Define
2022-11-04 14:35:14,608 - Loaded System Directive: org.apache.velocity.runtime.directive.Break
2022-11-04 14:35:14,609 - Loaded System Directive: org.apache.velocity.runtime.directive.Evaluate
2022-11-04 14:35:14,609 - Loaded System Directive: org.apache.velocity.runtime.directive.Literal
2022-11-04 14:35:14,610 - Loaded System Directive: org.apache.velocity.runtime.directive.Macro
2022-11-04 14:35:14,611 - Loaded System Directive: org.apache.velocity.runtime.directive.Parse
2022-11-04 14:35:14,611 - Loaded System Directive: org.apache.velocity.runtime.directive.Include
2022-11-04 14:35:14,612 - Loaded System Directive: org.apache.velocity.runtime.directive.Foreach
2022-11-04 14:35:14,627 - Created '20' parsers.
2022-11-04 14:35:14,629 - Velocimacro : "velocimacro.library" is not set.  Trying default library: VM_global_library.vm
2022-11-04 14:35:14,629 - Could not load resource 'VM_global_library.vm' from ResourceLoader org.apache.velocity.runtime.resource.loader.ClasspathResourceLoader: ClasspathResourceLoader Error: cannot find resource VM_global_library.vm
2022-11-04 14:35:14,630 - Velocimacro : Default library not found.
2022-11-04 14:35:14,630 - Velocimacro : allowInline = true : VMs can be defined inline in templates
2022-11-04 14:35:14,630 - Velocimacro : allowInlineToOverride = false : VMs defined inline may NOT replace previous VM definitions
2022-11-04 14:35:14,630 - Velocimacro : allowInlineLocal = false : VMs defined inline will be global in scope if allowed.
2022-11-04 14:35:14,630 - Velocimacro : autoload off : VM system will not automatically reload global library macros
2022-11-04 14:35:14,655 - ResourceManager : found /templates/entity.java.vm with loader org.apache.velocity.runtime.resource.loader.ClasspathResourceLoader
2022-11-04 14:35:14,667 - ResourceManager : found /templates/mapper.java.vm with loader org.apache.velocity.runtime.resource.loader.ClasspathResourceLoader
2022-11-04 14:35:14,686 - ResourceManager : found /templates/mapper.xml.vm with loader org.apache.velocity.runtime.resource.loader.ClasspathResourceLoader
2022-11-04 14:35:14,691 - ResourceManager : found /templates/service.java.vm with loader org.apache.velocity.runtime.resource.loader.ClasspathResourceLoader
2022-11-04 14:35:14,693 - ResourceManager : found /templates/serviceImpl.java.vm with loader org.apache.velocity.runtime.resource.loader.ClasspathResourceLoader
2022-11-04 14:35:14,698 - ResourceManager : found /templates/controller.java.vm with loader org.apache.velocity.runtime.resource.loader.ClasspathResourceLoader
2022-11-04 14:35:56,191 - Log4JLogChute initialized using file 'velocity.log'
2022-11-04 14:35:56,192 - Initializing Velocity, Calling init()...
2022-11-04 14:35:56,192 - Starting Apache Velocity v1.7 (compiled: 2010-11-19 12:14:37)
2022-11-04 14:35:56,192 - Default Properties File: org/apache/velocity/runtime/defaults/velocity.properties
2022-11-04 14:35:56,192 - Trying to use logger class org.apache.velocity.runtime.log.AvalonLogChute
2022-11-04 14:35:56,192 - Target log system for org.apache.velocity.runtime.log.AvalonLogChute is not available (java.lang.NoClassDefFoundError: org/apache/log/format/Formatter).  Falling back to next log system...
2022-11-04 14:35:56,192 - Trying to use logger class org.apache.velocity.runtime.log.Log4JLogChute
2022-11-04 14:35:56,192 - Using logger class org.apache.velocity.runtime.log.Log4JLogChute
2022-11-04 14:35:56,194 - ResourceLoader instantiated: org.apache.velocity.runtime.resource.loader.ClasspathResourceLoader
2022-11-04 14:35:56,200 - ResourceCache: initialized (class org.apache.velocity.runtime.resource.ResourceCacheImpl) with class java.util.Collections$SynchronizedMap cache map.
2022-11-04 14:35:56,201 - Loaded System Directive: org.apache.velocity.runtime.directive.Stop
2022-11-04 14:35:56,201 - Loaded System Directive: org.apache.velocity.runtime.directive.Define
2022-11-04 14:35:56,202 - Loaded System Directive: org.apache.velocity.runtime.directive.Break
2022-11-04 14:35:56,202 - Loaded System Directive: org.apache.velocity.runtime.directive.Evaluate
2022-11-04 14:35:56,202 - Loaded System Directive: org.apache.velocity.runtime.directive.Literal
2022-11-04 14:35:56,203 - Loaded System Directive: org.apache.velocity.runtime.directive.Macro
2022-11-04 14:35:56,204 - Loaded System Directive: org.apache.velocity.runtime.directive.Parse
2022-11-04 14:35:56,204 - Loaded System Directive: org.apache.velocity.runtime.directive.Include
2022-11-04 14:35:56,205 - Loaded System Directive: org.apache.velocity.runtime.directive.Foreach
2022-11-04 14:35:56,220 - Created '20' parsers.
2022-11-04 14:35:56,222 - Velocimacro : "velocimacro.library" is not set.  Trying default library: VM_global_library.vm
2022-11-04 14:35:56,223 - Could not load resource 'VM_global_library.vm' from ResourceLoader org.apache.velocity.runtime.resource.loader.ClasspathResourceLoader: ClasspathResourceLoader Error: cannot find resource VM_global_library.vm
2022-11-04 14:35:56,223 - Velocimacro : Default library not found.
2022-11-04 14:35:56,223 - Velocimacro : allowInline = true : VMs can be defined inline in templates
2022-11-04 14:35:56,223 - Velocimacro : allowInlineToOverride = false : VMs defined inline may NOT replace previous VM definitions
2022-11-04 14:35:56,223 - Velocimacro : allowInlineLocal = false : VMs defined inline will be global in scope if allowed.
2022-11-04 14:35:56,223 - Velocimacro : autoload off : VM system will not automatically reload global library macros
2022-11-04 14:35:56,252 - ResourceManager : found /templates/entity.java.vm with loader org.apache.velocity.runtime.resource.loader.ClasspathResourceLoader
2022-11-04 14:35:56,264 - ResourceManager : found /templates/mapper.java.vm with loader org.apache.velocity.runtime.resource.loader.ClasspathResourceLoader
2022-11-04 14:35:56,277 - ResourceManager : found /templates/mapper.xml.vm with loader org.apache.velocity.runtime.resource.loader.ClasspathResourceLoader
2022-11-04 14:35:56,289 - ResourceManager : found /templates/service.java.vm with loader org.apache.velocity.runtime.resource.loader.ClasspathResourceLoader
2022-11-04 14:35:56,290 - ResourceManager : found /templates/serviceImpl.java.vm with loader org.apache.velocity.runtime.resource.loader.ClasspathResourceLoader
2022-11-04 14:35:56,293 - ResourceManager : found /templates/controller.java.vm with loader org.apache.velocity.runtime.resource.loader.ClasspathResourceLoader
