2022-11-18 13:51:36.500 > INFO   springAppName_IS_UNDEFINED c.b.d.d.DynamicRoutingDataSource dynamic-datasource start closing ....
2022-11-18 13:51:36.513 > INFO   springAppName_IS_UNDEFINED com.zaxxer.hikari.HikariDataSource mysql - Shutdown initiated...
2022-11-18 13:51:36.544 > INFO   springAppName_IS_UNDEFINED com.zaxxer.hikari.HikariDataSource mysql - Shutdown completed.
2022-11-18 13:51:36.544 > INFO   springAppName_IS_UNDEFINED c.b.d.d.DynamicRoutingDataSource dynamic-datasource all closed success,bye
2022-11-18 13:51:40.109 > INFO   springAppName_IS_UNDEFINED c.e.a.AutoimpactanalysisApplication Starting AutoimpactanalysisApplication using Java 1.8.0_351 on wangzhipingdeMacBook-Pro.local with PID 35925 (/Users/wangzp/work/java/workspace/autoimpactanalysis/target/classes started by wangzp in /Users/wangzp/work/java/workspace/autoimpactanalysis)
2022-11-18 13:51:40.112 > INFO   springAppName_IS_UNDEFINED c.e.a.AutoimpactanalysisApplication No active profile set, falling back to 1 default profile: "default"
2022-11-18 13:51:41.230 > INFO   springAppName_IS_UNDEFINED o.s.d.r.c.RepositoryConfigurationDelegate Multiple Spring Data modules found, entering strict repository configuration mode!
2022-11-18 13:51:41.231 > INFO   springAppName_IS_UNDEFINED o.s.d.r.c.RepositoryConfigurationDelegate Bootstrapping Spring Data MongoDB repositories in DEFAULT mode.
2022-11-18 13:51:41.255 > INFO   springAppName_IS_UNDEFINED o.s.d.r.c.RepositoryConfigurationDelegate Finished Spring Data repository scanning in 21 ms. Found 0 MongoDB repository interfaces.
2022-11-18 13:51:41.273 > INFO   springAppName_IS_UNDEFINED o.s.d.r.c.RepositoryConfigurationDelegate Multiple Spring Data modules found, entering strict repository configuration mode!
2022-11-18 13:51:41.274 > INFO   springAppName_IS_UNDEFINED o.s.d.r.c.RepositoryConfigurationDelegate Bootstrapping Spring Data Redis repositories in DEFAULT mode.
2022-11-18 13:51:41.285 > INFO   springAppName_IS_UNDEFINED o.s.d.r.c.RepositoryConfigurationDelegate Finished Spring Data repository scanning in 4 ms. Found 0 Redis repository interfaces.
2022-11-18 13:51:41.738 > INFO   springAppName_IS_UNDEFINED o.s.c.s.PostProcessorRegistrationDelegate$BeanPostProcessorChecker Bean 'spring.datasource.dynamic-com.baomidou.dynamic.datasource.spring.boot.autoconfigure.DynamicDataSourceProperties' of type [com.baomidou.dynamic.datasource.spring.boot.autoconfigure.DynamicDataSourceProperties] is not eligible for getting processed by all BeanPostProcessors (for example: not eligible for auto-proxying)
2022-11-18 13:51:41.742 > INFO   springAppName_IS_UNDEFINED o.s.c.s.PostProcessorRegistrationDelegate$BeanPostProcessorChecker Bean 'com.baomidou.dynamic.datasource.spring.boot.autoconfigure.DynamicDataSourceAutoConfiguration' of type [com.baomidou.dynamic.datasource.spring.boot.autoconfigure.DynamicDataSourceAutoConfiguration$$EnhancerBySpringCGLIB$$f8853c1e] is not eligible for getting processed by all BeanPostProcessors (for example: not eligible for auto-proxying)
2022-11-18 13:51:41.760 > INFO   springAppName_IS_UNDEFINED o.s.c.s.PostProcessorRegistrationDelegate$BeanPostProcessorChecker Bean 'dsProcessor' of type [com.baomidou.dynamic.datasource.processor.DsHeaderProcessor] is not eligible for getting processed by all BeanPostProcessors (for example: not eligible for auto-proxying)
2022-11-18 13:51:41.950 > INFO   springAppName_IS_UNDEFINED o.s.b.w.e.tomcat.TomcatWebServer Tomcat initialized with port(s): 9080 (http)
2022-11-18 13:51:41.958 > INFO   springAppName_IS_UNDEFINED o.a.coyote.http11.Http11NioProtocol Initializing ProtocolHandler ["http-nio-9080"]
2022-11-18 13:51:41.960 > INFO   springAppName_IS_UNDEFINED o.a.catalina.core.StandardService Starting service [Tomcat]
2022-11-18 13:51:41.961 > INFO   springAppName_IS_UNDEFINED o.a.catalina.core.StandardEngine Starting Servlet engine: [Apache Tomcat/9.0.58]
2022-11-18 13:51:42.034 > INFO   springAppName_IS_UNDEFINED o.a.c.c.C.[.[.[/autoimpactanalysis] Initializing Spring embedded WebApplicationContext
2022-11-18 13:51:42.034 > INFO   springAppName_IS_UNDEFINED o.s.b.w.s.c.ServletWebServerApplicationContext Root WebApplicationContext: initialization completed in 1811 ms
2022-11-18 13:51:42.325 > INFO   springAppName_IS_UNDEFINED com.zaxxer.hikari.HikariDataSource mysql - Starting...
2022-11-18 13:51:42.709 > INFO   springAppName_IS_UNDEFINED com.zaxxer.hikari.HikariDataSource mysql - Start completed.
2022-11-18 13:51:42.710 > INFO   springAppName_IS_UNDEFINED c.b.d.d.DynamicRoutingDataSource dynamic-datasource - add a datasource named [mysql] success
2022-11-18 13:51:42.711 > INFO   springAppName_IS_UNDEFINED c.b.d.d.DynamicRoutingDataSource dynamic-datasource initial loaded [1] datasource,primary datasource named [mysql]
2022-11-18 13:51:43.211 > WARN   springAppName_IS_UNDEFINED c.b.m.c.injector.DefaultSqlInjector class com.example.autoimpactanalysis.entity.Source ,Not found @TableId annotation, Cannot use Mybatis-Plus 'xxById' Method.
2022-11-18 13:51:44.208 > INFO   springAppName_IS_UNDEFINED org.mongodb.driver.cluster Cluster created with settings {hosts=[127.0.0.1:27017], mode=SINGLE, requiredClusterType=UNKNOWN, serverSelectionTimeout='30000 ms'}
2022-11-18 13:51:44.263 > INFO   springAppName_IS_UNDEFINED org.mongodb.driver.cluster Exception in monitor thread while connecting to server 127.0.0.1:27017
com.mongodb.MongoSocketOpenException: Exception opening socket
	at com.mongodb.internal.connection.SocketStream.open(SocketStream.java:70)
	at com.mongodb.internal.connection.InternalStreamConnection.open(InternalStreamConnection.java:143)
	at com.mongodb.internal.connection.DefaultServerMonitor$ServerMonitorRunnable.lookupServerDescription(DefaultServerMonitor.java:188)
	at com.mongodb.internal.connection.DefaultServerMonitor$ServerMonitorRunnable.run(DefaultServerMonitor.java:144)
	at java.lang.Thread.run(Thread.java:750)
Caused by: java.net.ConnectException: Connection refused (Connection refused)
	at java.net.PlainSocketImpl.socketConnect(Native Method)
	at java.net.AbstractPlainSocketImpl.doConnect(AbstractPlainSocketImpl.java:476)
	at java.net.AbstractPlainSocketImpl.connectToAddress(AbstractPlainSocketImpl.java:218)
	at java.net.AbstractPlainSocketImpl.connect(AbstractPlainSocketImpl.java:200)
	at java.net.SocksSocketImpl.connect(SocksSocketImpl.java:394)
	at java.net.Socket.connect(Socket.java:606)
	at com.mongodb.internal.connection.SocketStreamHelper.initialize(SocketStreamHelper.java:107)
	at com.mongodb.internal.connection.SocketStream.initializeSocket(SocketStream.java:79)
	at com.mongodb.internal.connection.SocketStream.open(SocketStream.java:65)
	... 4 common frames omitted
2022-11-18 13:51:44.606 > INFO   springAppName_IS_UNDEFINED o.a.coyote.http11.Http11NioProtocol Starting ProtocolHandler ["http-nio-9080"]
2022-11-18 13:51:44.629 > INFO   springAppName_IS_UNDEFINED o.s.b.w.e.tomcat.TomcatWebServer Tomcat started on port(s): 9080 (http) with context path '/autoimpactanalysis'
2022-11-18 13:51:45.219 > INFO   springAppName_IS_UNDEFINED c.e.a.AutoimpactanalysisApplication Started AutoimpactanalysisApplication in 5.454 seconds (JVM running for 6.416)
2022-11-18 13:53:54.405 > INFO   springAppName_IS_UNDEFINED org.mongodb.driver.connection Opened connection [connectionId{localValue:28, serverValue:1}] to 127.0.0.1:27017
2022-11-18 13:53:54.405 > INFO   springAppName_IS_UNDEFINED org.mongodb.driver.connection Opened connection [connectionId{localValue:27, serverValue:2}] to 127.0.0.1:27017
2022-11-18 13:53:54.407 > INFO   springAppName_IS_UNDEFINED org.mongodb.driver.cluster Monitor thread successfully connected to server with description ServerDescription{address=127.0.0.1:27017, type=STANDALONE, state=CONNECTED, ok=true, minWireVersion=0, maxWireVersion=17, maxDocumentSize=16777216, logicalSessionTimeoutMinutes=30, roundTripTimeNanos=57792792}
2022-11-18 13:53:57.566 > INFO   springAppName_IS_UNDEFINED c.b.d.d.DynamicRoutingDataSource dynamic-datasource start closing ....
2022-11-18 13:53:57.570 > INFO   springAppName_IS_UNDEFINED com.zaxxer.hikari.HikariDataSource mysql - Shutdown initiated...
2022-11-18 13:53:57.583 > INFO   springAppName_IS_UNDEFINED com.zaxxer.hikari.HikariDataSource mysql - Shutdown completed.
2022-11-18 13:53:57.584 > INFO   springAppName_IS_UNDEFINED c.b.d.d.DynamicRoutingDataSource dynamic-datasource all closed success,bye
2022-11-18 13:54:00.205 > INFO   springAppName_IS_UNDEFINED c.e.a.AutoimpactanalysisApplication Starting AutoimpactanalysisApplication using Java 1.8.0_351 on wangzhipingdeMacBook-Pro.local with PID 36131 (/Users/wangzp/work/java/workspace/autoimpactanalysis/target/classes started by wangzp in /Users/wangzp/work/java/workspace/autoimpactanalysis)
2022-11-18 13:54:00.209 > INFO   springAppName_IS_UNDEFINED c.e.a.AutoimpactanalysisApplication No active profile set, falling back to 1 default profile: "default"
2022-11-18 13:54:01.196 > INFO   springAppName_IS_UNDEFINED o.s.d.r.c.RepositoryConfigurationDelegate Multiple Spring Data modules found, entering strict repository configuration mode!
2022-11-18 13:54:01.197 > INFO   springAppName_IS_UNDEFINED o.s.d.r.c.RepositoryConfigurationDelegate Bootstrapping Spring Data MongoDB repositories in DEFAULT mode.
2022-11-18 13:54:01.221 > INFO   springAppName_IS_UNDEFINED o.s.d.r.c.RepositoryConfigurationDelegate Finished Spring Data repository scanning in 21 ms. Found 0 MongoDB repository interfaces.
2022-11-18 13:54:01.233 > INFO   springAppName_IS_UNDEFINED o.s.d.r.c.RepositoryConfigurationDelegate Multiple Spring Data modules found, entering strict repository configuration mode!
2022-11-18 13:54:01.234 > INFO   springAppName_IS_UNDEFINED o.s.d.r.c.RepositoryConfigurationDelegate Bootstrapping Spring Data Redis repositories in DEFAULT mode.
2022-11-18 13:54:01.243 > INFO   springAppName_IS_UNDEFINED o.s.d.r.c.RepositoryConfigurationDelegate Finished Spring Data repository scanning in 4 ms. Found 0 Redis repository interfaces.
2022-11-18 13:54:01.664 > INFO   springAppName_IS_UNDEFINED o.s.c.s.PostProcessorRegistrationDelegate$BeanPostProcessorChecker Bean 'spring.datasource.dynamic-com.baomidou.dynamic.datasource.spring.boot.autoconfigure.DynamicDataSourceProperties' of type [com.baomidou.dynamic.datasource.spring.boot.autoconfigure.DynamicDataSourceProperties] is not eligible for getting processed by all BeanPostProcessors (for example: not eligible for auto-proxying)
2022-11-18 13:54:01.668 > INFO   springAppName_IS_UNDEFINED o.s.c.s.PostProcessorRegistrationDelegate$BeanPostProcessorChecker Bean 'com.baomidou.dynamic.datasource.spring.boot.autoconfigure.DynamicDataSourceAutoConfiguration' of type [com.baomidou.dynamic.datasource.spring.boot.autoconfigure.DynamicDataSourceAutoConfiguration$$EnhancerBySpringCGLIB$$f8853c1e] is not eligible for getting processed by all BeanPostProcessors (for example: not eligible for auto-proxying)
2022-11-18 13:54:01.687 > INFO   springAppName_IS_UNDEFINED o.s.c.s.PostProcessorRegistrationDelegate$BeanPostProcessorChecker Bean 'dsProcessor' of type [com.baomidou.dynamic.datasource.processor.DsHeaderProcessor] is not eligible for getting processed by all BeanPostProcessors (for example: not eligible for auto-proxying)
2022-11-18 13:54:01.854 > INFO   springAppName_IS_UNDEFINED o.s.b.w.e.tomcat.TomcatWebServer Tomcat initialized with port(s): 9080 (http)
2022-11-18 13:54:01.862 > INFO   springAppName_IS_UNDEFINED o.a.coyote.http11.Http11NioProtocol Initializing ProtocolHandler ["http-nio-9080"]
2022-11-18 13:54:01.862 > INFO   springAppName_IS_UNDEFINED o.a.catalina.core.StandardService Starting service [Tomcat]
2022-11-18 13:54:01.863 > INFO   springAppName_IS_UNDEFINED o.a.catalina.core.StandardEngine Starting Servlet engine: [Apache Tomcat/9.0.58]
2022-11-18 13:54:01.936 > INFO   springAppName_IS_UNDEFINED o.a.c.c.C.[.[.[/autoimpactanalysis] Initializing Spring embedded WebApplicationContext
2022-11-18 13:54:01.937 > INFO   springAppName_IS_UNDEFINED o.s.b.w.s.c.ServletWebServerApplicationContext Root WebApplicationContext: initialization completed in 1640 ms
2022-11-18 13:54:02.213 > INFO   springAppName_IS_UNDEFINED com.zaxxer.hikari.HikariDataSource mysql - Starting...
2022-11-18 13:54:02.560 > INFO   springAppName_IS_UNDEFINED com.zaxxer.hikari.HikariDataSource mysql - Start completed.
2022-11-18 13:54:02.562 > INFO   springAppName_IS_UNDEFINED c.b.d.d.DynamicRoutingDataSource dynamic-datasource - add a datasource named [mysql] success
2022-11-18 13:54:02.562 > INFO   springAppName_IS_UNDEFINED c.b.d.d.DynamicRoutingDataSource dynamic-datasource initial loaded [1] datasource,primary datasource named [mysql]
2022-11-18 13:54:03.047 > WARN   springAppName_IS_UNDEFINED c.b.m.c.injector.DefaultSqlInjector class com.example.autoimpactanalysis.entity.Source ,Not found @TableId annotation, Cannot use Mybatis-Plus 'xxById' Method.
2022-11-18 13:54:04.050 > INFO   springAppName_IS_UNDEFINED org.mongodb.driver.cluster Cluster created with settings {hosts=[127.0.0.1:27017], mode=SINGLE, requiredClusterType=UNKNOWN, serverSelectionTimeout='30000 ms'}
2022-11-18 13:54:04.156 > INFO   springAppName_IS_UNDEFINED org.mongodb.driver.connection Opened connection [connectionId{localValue:1, serverValue:3}] to 127.0.0.1:27017
2022-11-18 13:54:04.158 > INFO   springAppName_IS_UNDEFINED org.mongodb.driver.cluster Monitor thread successfully connected to server with description ServerDescription{address=127.0.0.1:27017, type=STANDALONE, state=CONNECTED, ok=true, minWireVersion=0, maxWireVersion=17, maxDocumentSize=16777216, logicalSessionTimeoutMinutes=30, roundTripTimeNanos=58894625}
2022-11-18 13:54:04.156 > INFO   springAppName_IS_UNDEFINED org.mongodb.driver.connection Opened connection [connectionId{localValue:2, serverValue:4}] to 127.0.0.1:27017
2022-11-18 13:54:04.466 > INFO   springAppName_IS_UNDEFINED o.a.coyote.http11.Http11NioProtocol Starting ProtocolHandler ["http-nio-9080"]
2022-11-18 13:54:04.487 > INFO   springAppName_IS_UNDEFINED o.s.b.w.e.tomcat.TomcatWebServer Tomcat started on port(s): 9080 (http) with context path '/autoimpactanalysis'
2022-11-18 13:54:05.075 > INFO   springAppName_IS_UNDEFINED c.e.a.AutoimpactanalysisApplication Started AutoimpactanalysisApplication in 5.174 seconds (JVM running for 5.879)
2022-11-18 14:17:35.927 > INFO   springAppName_IS_UNDEFINED o.s.b.t.c.SpringBootTestContextBootstrapper Neither @ContextConfiguration nor @ContextHierarchy found for test class [com.example.autoimpactanalysis.test.mongodbTest], using SpringBootContextLoader
2022-11-18 14:17:35.933 > INFO   springAppName_IS_UNDEFINED o.s.t.c.s.AbstractContextLoader Could not detect default resource locations for test class [com.example.autoimpactanalysis.test.mongodbTest]: no resource found for suffixes {-context.xml, Context.groovy}.
2022-11-18 14:17:35.934 > INFO   springAppName_IS_UNDEFINED o.s.t.c.s.AnnotationConfigContextLoaderUtils Could not detect default configuration classes for test class [com.example.autoimpactanalysis.test.mongodbTest]: mongodbTest does not declare any static, non-private, non-final, nested classes annotated with @Configuration.
2022-11-18 14:17:36.087 > INFO   springAppName_IS_UNDEFINED o.s.b.t.c.SpringBootTestContextBootstrapper Found @SpringBootConfiguration com.example.autoimpactanalysis.AutoimpactanalysisApplication for test class com.example.autoimpactanalysis.test.mongodbTest
2022-11-18 14:17:36.179 > INFO   springAppName_IS_UNDEFINED o.s.b.t.c.SpringBootTestContextBootstrapper Loaded default TestExecutionListener class names from location [META-INF/spring.factories]: [org.springframework.boot.test.mock.mockito.MockitoTestExecutionListener, org.springframework.boot.test.mock.mockito.ResetMocksTestExecutionListener, org.springframework.boot.test.autoconfigure.restdocs.RestDocsTestExecutionListener, org.springframework.boot.test.autoconfigure.web.client.MockRestServiceServerResetTestExecutionListener, org.springframework.boot.test.autoconfigure.web.servlet.MockMvcPrintOnlyOnFailureTestExecutionListener, org.springframework.boot.test.autoconfigure.web.servlet.WebDriverTestExecutionListener, org.springframework.boot.test.autoconfigure.webservices.client.MockWebServiceServerTestExecutionListener, org.springframework.test.context.web.ServletTestExecutionListener, org.springframework.test.context.support.DirtiesContextBeforeModesTestExecutionListener, org.springframework.test.context.event.ApplicationEventsTestExecutionListener, org.springframework.test.context.support.DependencyInjectionTestExecutionListener, org.springframework.test.context.support.DirtiesContextTestExecutionListener, org.springframework.test.context.transaction.TransactionalTestExecutionListener, org.springframework.test.context.jdbc.SqlScriptsTestExecutionListener, org.springframework.test.context.event.EventPublishingTestExecutionListener]
2022-11-18 14:17:36.194 > INFO   springAppName_IS_UNDEFINED o.s.b.t.c.SpringBootTestContextBootstrapper Using TestExecutionListeners: [org.springframework.test.context.web.ServletTestExecutionListener@1838ccb8, org.springframework.test.context.support.DirtiesContextBeforeModesTestExecutionListener@6c2ed0cd, org.springframework.test.context.event.ApplicationEventsTestExecutionListener@7d9e8ef7, org.springframework.boot.test.mock.mockito.MockitoTestExecutionListener@f107c50, org.springframework.boot.test.autoconfigure.SpringBootDependencyInjectionTestExecutionListener@51133c06, org.springframework.test.context.support.DirtiesContextTestExecutionListener@4b213651, org.springframework.test.context.transaction.TransactionalTestExecutionListener@4241e0f4, org.springframework.test.context.jdbc.SqlScriptsTestExecutionListener@4ebff610, org.springframework.test.context.event.EventPublishingTestExecutionListener@60410cd, org.springframework.boot.test.mock.mockito.ResetMocksTestExecutionListener@44d52de2, org.springframework.boot.test.autoconfigure.restdocs.RestDocsTestExecutionListener@95e33cc, org.springframework.boot.test.autoconfigure.web.client.MockRestServiceServerResetTestExecutionListener@38604b81, org.springframework.boot.test.autoconfigure.web.servlet.MockMvcPrintOnlyOnFailureTestExecutionListener@1e44b638, org.springframework.boot.test.autoconfigure.web.servlet.WebDriverTestExecutionListener@7393222f, org.springframework.boot.test.autoconfigure.webservices.client.MockWebServiceServerTestExecutionListener@babafc2]
2022-11-18 14:17:36.893 > INFO   springAppName_IS_UNDEFINED c.e.a.test.mongodbTest Starting mongodbTest using Java 1.8.0_351 on wangzhipingdeMacBook-Pro.local with PID 37799 (started by wangzp in /Users/wangzp/work/java/workspace/autoimpactanalysis)
2022-11-18 14:17:36.895 > INFO   springAppName_IS_UNDEFINED c.e.a.test.mongodbTest No active profile set, falling back to 1 default profile: "default"
2022-11-18 14:17:38.311 > INFO   springAppName_IS_UNDEFINED o.s.d.r.c.RepositoryConfigurationDelegate Multiple Spring Data modules found, entering strict repository configuration mode!
2022-11-18 14:17:38.313 > INFO   springAppName_IS_UNDEFINED o.s.d.r.c.RepositoryConfigurationDelegate Bootstrapping Spring Data MongoDB repositories in DEFAULT mode.
2022-11-18 14:17:38.345 > INFO   springAppName_IS_UNDEFINED o.s.d.r.c.RepositoryConfigurationDelegate Finished Spring Data repository scanning in 28 ms. Found 0 MongoDB repository interfaces.
2022-11-18 14:17:38.376 > INFO   springAppName_IS_UNDEFINED o.s.d.r.c.RepositoryConfigurationDelegate Multiple Spring Data modules found, entering strict repository configuration mode!
2022-11-18 14:17:38.379 > INFO   springAppName_IS_UNDEFINED o.s.d.r.c.RepositoryConfigurationDelegate Bootstrapping Spring Data Redis repositories in DEFAULT mode.
2022-11-18 14:17:38.393 > INFO   springAppName_IS_UNDEFINED o.s.d.r.c.RepositoryConfigurationDelegate Finished Spring Data repository scanning in 7 ms. Found 0 Redis repository interfaces.
2022-11-18 14:17:39.324 > INFO   springAppName_IS_UNDEFINED o.s.c.s.PostProcessorRegistrationDelegate$BeanPostProcessorChecker Bean 'spring.datasource.dynamic-com.baomidou.dynamic.datasource.spring.boot.autoconfigure.DynamicDataSourceProperties' of type [com.baomidou.dynamic.datasource.spring.boot.autoconfigure.DynamicDataSourceProperties] is not eligible for getting processed by all BeanPostProcessors (for example: not eligible for auto-proxying)
2022-11-18 14:17:39.345 > INFO   springAppName_IS_UNDEFINED o.s.c.s.PostProcessorRegistrationDelegate$BeanPostProcessorChecker Bean 'com.baomidou.dynamic.datasource.spring.boot.autoconfigure.DynamicDataSourceAutoConfiguration' of type [com.baomidou.dynamic.datasource.spring.boot.autoconfigure.DynamicDataSourceAutoConfiguration$$EnhancerBySpringCGLIB$$a32c4399] is not eligible for getting processed by all BeanPostProcessors (for example: not eligible for auto-proxying)
2022-11-18 14:17:39.402 > INFO   springAppName_IS_UNDEFINED o.s.c.s.PostProcessorRegistrationDelegate$BeanPostProcessorChecker Bean 'dsProcessor' of type [com.baomidou.dynamic.datasource.processor.DsHeaderProcessor] is not eligible for getting processed by all BeanPostProcessors (for example: not eligible for auto-proxying)
2022-11-18 14:17:40.068 > INFO   springAppName_IS_UNDEFINED com.zaxxer.hikari.HikariDataSource mysql - Starting...
2022-11-18 14:17:40.665 > INFO   springAppName_IS_UNDEFINED com.zaxxer.hikari.HikariDataSource mysql - Start completed.
2022-11-18 14:17:40.668 > INFO   springAppName_IS_UNDEFINED c.b.d.d.DynamicRoutingDataSource dynamic-datasource - add a datasource named [mysql] success
2022-11-18 14:17:40.668 > INFO   springAppName_IS_UNDEFINED c.b.d.d.DynamicRoutingDataSource dynamic-datasource initial loaded [1] datasource,primary datasource named [mysql]
2022-11-18 14:17:41.780 > WARN   springAppName_IS_UNDEFINED c.b.m.c.injector.DefaultSqlInjector class com.example.autoimpactanalysis.entity.Source ,Not found @TableId annotation, Cannot use Mybatis-Plus 'xxById' Method.
2022-11-18 14:17:45.226 > INFO   springAppName_IS_UNDEFINED org.mongodb.driver.cluster Cluster created with settings {hosts=[127.0.0.1:27017], mode=SINGLE, requiredClusterType=UNKNOWN, serverSelectionTimeout='30000 ms'}
2022-11-18 14:17:45.337 > INFO   springAppName_IS_UNDEFINED org.mongodb.driver.connection Opened connection [connectionId{localValue:2, serverValue:9}] to 127.0.0.1:27017
2022-11-18 14:17:45.339 > INFO   springAppName_IS_UNDEFINED org.mongodb.driver.cluster Monitor thread successfully connected to server with description ServerDescription{address=127.0.0.1:27017, type=STANDALONE, state=CONNECTED, ok=true, minWireVersion=0, maxWireVersion=17, maxDocumentSize=16777216, logicalSessionTimeoutMinutes=30, roundTripTimeNanos=60229042}
2022-11-18 14:17:45.337 > INFO   springAppName_IS_UNDEFINED org.mongodb.driver.connection Opened connection [connectionId{localValue:1, serverValue:10}] to 127.0.0.1:27017
2022-11-18 14:17:47.013 > INFO   springAppName_IS_UNDEFINED c.e.a.test.mongodbTest Started mongodbTest in 10.727 seconds (JVM running for 12.161)
2022-11-18 14:17:47.237 > INFO   springAppName_IS_UNDEFINED org.mongodb.driver.connection Opened connection [connectionId{localValue:3, serverValue:11}] to 127.0.0.1:27017
2022-11-18 14:17:47.345 > INFO   springAppName_IS_UNDEFINED org.mongodb.driver.connection Closed connection [connectionId{localValue:3, serverValue:11}] to 127.0.0.1:27017 because the pool has been closed.
2022-11-18 14:17:47.389 > INFO   springAppName_IS_UNDEFINED c.b.d.d.DynamicRoutingDataSource dynamic-datasource start closing ....
2022-11-18 14:17:47.390 > INFO   springAppName_IS_UNDEFINED com.zaxxer.hikari.HikariDataSource mysql - Shutdown initiated...
2022-11-18 14:17:47.414 > INFO   springAppName_IS_UNDEFINED com.zaxxer.hikari.HikariDataSource mysql - Shutdown completed.
2022-11-18 14:17:47.415 > INFO   springAppName_IS_UNDEFINED c.b.d.d.DynamicRoutingDataSource dynamic-datasource all closed success,bye
2022-11-18 20:53:16.944 > WARN   springAppName_IS_UNDEFINED com.zaxxer.hikari.pool.HikariPool mysql - Thread starvation or clock leap detected (housekeeper delta=2m40s462ms).
